0 verbose cli C:\Program Files\nodejs\node.exe C:\Users\Deepak Kumar Bind\AppData\Roaming\npm\node_modules\npm\bin\npm-cli.js
1 info using npm@10.8.2
2 info using node@v18.20.3
3 silly config load:file:C:\Users\Deepak Kumar Bind\AppData\Roaming\npm\node_modules\npm\npmrc
4 silly config load:file:C:\Users\Deepak Kumar Bind\OneDrive\Desktop\studyhub\.npmrc
5 silly config load:file:C:\Users\Deepak Kumar Bind\.npmrc
6 silly config load:file:C:\Users\Deepak Kumar Bind\AppData\Roaming\npm\etc\npmrc
7 verbose title npm install mongoose
8 verbose argv "install" "mongoose"
9 verbose logfile logs-max:10 dir:C:\Users\Deepak Kumar Bind\OneDrive\Desktop\studyhub\.npm-cache\_logs\2025-08-30T07_48_25_326Z-
10 verbose logfile C:\Users\Deepak Kumar Bind\OneDrive\Desktop\studyhub\.npm-cache\_logs\2025-08-30T07_48_25_326Z-debug-0.log
11 silly packumentCache heap:2197815296 maxSize:549453824 maxEntrySize:274726912
12 silly logfile start cleaning logs, removing 1 files
13 silly logfile done cleaning log files
14 silly idealTree buildDeps
15 silly fetch manifest mongoose@*
16 silly packumentCache full:https://registry.npmmirror.com/mongoose cache-miss
17 http fetch GET 200 https://registry.npmmirror.com/mongoose 3926ms (cache miss)
18 silly packumentCache full:https://registry.npmmirror.com/mongoose set size:undefined disposed:false
19 silly placeDep ROOT mongoose@8.18.0 OK for: studyhub@0.1.0 want: *
20 silly fetch manifest bson@^6.10.4
21 silly packumentCache full:https://registry.npmmirror.com/bson cache-miss
22 silly fetch manifest kareem@2.6.3
23 silly packumentCache full:https://registry.npmmirror.com/kareem cache-miss
24 silly fetch manifest mongodb@~6.18.0
25 silly packumentCache full:https://registry.npmmirror.com/mongodb cache-miss
26 silly fetch manifest mpath@0.9.0
27 silly packumentCache full:https://registry.npmmirror.com/mpath cache-miss
28 silly fetch manifest mquery@5.0.0
29 silly packumentCache full:https://registry.npmmirror.com/mquery cache-miss
30 silly fetch manifest sift@17.1.3
31 silly packumentCache full:https://registry.npmmirror.com/sift cache-miss
32 http fetch GET 200 https://registry.npmmirror.com/bson 1170ms (cache miss)
33 silly packumentCache full:https://registry.npmmirror.com/bson set size:79737 disposed:false
34 http fetch GET 200 https://registry.npmmirror.com/mpath 1223ms (cache miss)
35 silly packumentCache full:https://registry.npmmirror.com/mpath set size:9297 disposed:false
36 http fetch GET 200 https://registry.npmmirror.com/kareem 1468ms (cache miss)
37 silly packumentCache full:https://registry.npmmirror.com/kareem set size:22854 disposed:false
38 http fetch GET 200 https://registry.npmmirror.com/sift 1684ms (cache miss)
39 silly packumentCache full:https://registry.npmmirror.com/sift set size:51163 disposed:false
40 http fetch GET 200 https://registry.npmmirror.com/mquery 1690ms (cache miss)
41 silly packumentCache full:https://registry.npmmirror.com/mquery set size:33809 disposed:false
42 http fetch GET 200 https://registry.npmmirror.com/mongodb 2377ms (cache miss)
43 silly packumentCache full:https://registry.npmmirror.com/mongodb set size:351517 disposed:false
44 silly fetch manifest @aws-sdk/credential-providers@^3.188.0
45 silly packumentCache full:https://registry.npmmirror.com/@aws-sdk%2fcredential-providers cache-miss
46 http fetch GET 200 https://registry.npmmirror.com/@aws-sdk%2fcredential-providers 1151ms (cache miss)
47 silly packumentCache full:https://registry.npmmirror.com/@aws-sdk%2fcredential-providers set size:269389 disposed:false
48 silly fetch manifest @mongodb-js/zstd@^1.1.0 || ^2.0.0
49 silly packumentCache full:https://registry.npmmirror.com/@mongodb-js%2fzstd cache-miss
50 http fetch GET 200 https://registry.npmmirror.com/@mongodb-js%2fzstd 214ms (cache miss)
51 silly packumentCache full:https://registry.npmmirror.com/@mongodb-js%2fzstd set size:18786 disposed:false
52 silly fetch manifest gcp-metadata@^5.2.0
53 silly packumentCache full:https://registry.npmmirror.com/gcp-metadata cache-miss
54 http fetch GET 200 https://registry.npmmirror.com/gcp-metadata 256ms (cache miss)
55 silly packumentCache full:https://registry.npmmirror.com/gcp-metadata set size:26653 disposed:false
56 silly fetch manifest kerberos@^2.0.1
57 silly packumentCache full:https://registry.npmmirror.com/kerberos cache-miss
58 http fetch GET 200 https://registry.npmmirror.com/kerberos 230ms (cache miss)
59 silly packumentCache full:https://registry.npmmirror.com/kerberos set size:20657 disposed:false
60 silly fetch manifest mongodb-client-encryption@>=6.0.0 <7
61 silly packumentCache full:https://registry.npmmirror.com/mongodb-client-encryption cache-miss
62 http fetch GET 200 https://registry.npmmirror.com/mongodb-client-encryption 517ms (cache miss)
63 silly packumentCache full:https://registry.npmmirror.com/mongodb-client-encryption set size:61472 disposed:false
64 silly fetch manifest snappy@^7.2.2
65 silly packumentCache full:https://registry.npmmirror.com/snappy cache-miss
66 http fetch GET 200 https://registry.npmmirror.com/snappy 334ms (cache miss)
67 silly packumentCache full:https://registry.npmmirror.com/snappy set size:31672 disposed:false
68 silly fetch manifest socks@^2.7.1
69 silly packumentCache full:https://registry.npmmirror.com/socks cache-miss
70 http fetch GET 200 https://registry.npmmirror.com/socks 1866ms (cache miss)
71 silly packumentCache full:https://registry.npmmirror.com/socks set size:28191 disposed:false
72 silly placeDep ROOT bson@6.10.4 OK for: mongoose@8.18.0 want: ^6.10.4
73 silly placeDep ROOT kareem@2.6.3 OK for: mongoose@8.18.0 want: 2.6.3
74 silly placeDep ROOT mongodb@6.18.0 OK for: mongoose@8.18.0 want: ~6.18.0
75 silly placeDep ROOT mpath@0.9.0 OK for: mongoose@8.18.0 want: 0.9.0
76 silly placeDep ROOT mquery@5.0.0 OK for: mongoose@8.18.0 want: 5.0.0
77 silly placeDep ROOT sift@17.1.3 OK for: mongoose@8.18.0 want: 17.1.3
78 silly fetch manifest @mongodb-js/saslprep@^1.1.9
79 silly packumentCache full:https://registry.npmmirror.com/@mongodb-js%2fsaslprep cache-miss
80 silly fetch manifest mongodb-connection-string-url@^3.0.0
81 silly packumentCache full:https://registry.npmmirror.com/mongodb-connection-string-url cache-miss
82 http fetch GET 200 https://registry.npmmirror.com/@mongodb-js%2fsaslprep 1177ms (cache miss)
83 silly packumentCache full:https://registry.npmmirror.com/@mongodb-js%2fsaslprep set size:8963 disposed:false
84 http fetch GET 200 https://registry.npmmirror.com/mongodb-connection-string-url 1318ms (cache miss)
85 silly packumentCache full:https://registry.npmmirror.com/mongodb-connection-string-url set size:24115 disposed:false
86 silly placeDep ROOT @mongodb-js/saslprep@1.3.0 OK for: mongodb@6.18.0 want: ^1.1.9
87 silly placeDep ROOT mongodb-connection-string-url@3.0.2 OK for: mongodb@6.18.0 want: ^3.0.0
88 silly fetch manifest sparse-bitfield@^3.0.3
89 silly packumentCache full:https://registry.npmmirror.com/sparse-bitfield cache-miss
90 silly fetch manifest @types/whatwg-url@^11.0.2
91 silly packumentCache full:https://registry.npmmirror.com/@types%2fwhatwg-url cache-miss
92 silly fetch manifest whatwg-url@^14.1.0 || ^13.0.0
93 silly packumentCache full:https://registry.npmmirror.com/whatwg-url cache-miss
94 http fetch GET 200 https://registry.npmmirror.com/sparse-bitfield 313ms (cache miss)
95 silly packumentCache full:https://registry.npmmirror.com/sparse-bitfield set size:4249 disposed:false
96 http fetch GET 200 https://registry.npmmirror.com/@types%2fwhatwg-url 314ms (cache miss)
97 silly packumentCache full:https://registry.npmmirror.com/@types%2fwhatwg-url set size:6876 disposed:false
98 http fetch GET 200 https://registry.npmmirror.com/whatwg-url 403ms (cache miss)
99 silly packumentCache full:https://registry.npmmirror.com/whatwg-url set size:26181 disposed:false
100 silly placeDep ROOT sparse-bitfield@3.0.3 OK for: @mongodb-js/saslprep@1.3.0 want: ^3.0.3
101 silly fetch manifest memory-pager@^1.0.2
102 silly packumentCache full:https://registry.npmmirror.com/memory-pager cache-miss
103 http fetch GET 200 https://registry.npmmirror.com/memory-pager 864ms (cache miss)
104 silly packumentCache full:https://registry.npmmirror.com/memory-pager set size:3847 disposed:false
105 silly placeDep ROOT @types/whatwg-url@11.0.5 OK for: mongodb-connection-string-url@3.0.2 want: ^11.0.2
106 silly placeDep node_modules/mongodb-connection-string-url whatwg-url@14.2.0 OK for: mongodb-connection-string-url@3.0.2 want: ^14.1.0 || ^13.0.0
107 silly fetch manifest @types/webidl-conversions@*
108 silly packumentCache full:https://registry.npmmirror.com/@types%2fwebidl-conversions cache-miss
109 silly fetch manifest tr46@^5.1.0
110 silly packumentCache full:https://registry.npmmirror.com/tr46 cache-miss
111 silly fetch manifest webidl-conversions@^7.0.0
112 silly packumentCache full:https://registry.npmmirror.com/webidl-conversions cache-miss
113 http fetch GET 200 https://registry.npmmirror.com/webidl-conversions 273ms (cache miss)
114 silly packumentCache full:https://registry.npmmirror.com/webidl-conversions set size:10002 disposed:false
115 http fetch GET 200 https://registry.npmmirror.com/@types%2fwebidl-conversions 283ms (cache miss)
116 silly packumentCache full:https://registry.npmmirror.com/@types%2fwebidl-conversions set size:4919 disposed:false
117 http fetch GET 200 https://registry.npmmirror.com/tr46 303ms (cache miss)
118 silly packumentCache full:https://registry.npmmirror.com/tr46 set size:9997 disposed:false
119 silly placeDep ROOT @types/webidl-conversions@7.0.3 OK for: @types/whatwg-url@11.0.5 want: *
120 silly placeDep ROOT memory-pager@1.5.0 OK for: sparse-bitfield@3.0.3 want: ^1.0.2
121 silly placeDep node_modules/mongodb-connection-string-url tr46@5.1.1 OK for: whatwg-url@14.2.0 want: ^5.1.0
122 silly placeDep node_modules/mongodb-connection-string-url webidl-conversions@7.0.0 OK for: whatwg-url@14.2.0 want: ^7.0.0
123 silly reify moves {}
124 silly audit bulk request {
124 silly audit   '@adobe/css-tools': [ '4.4.3' ],
124 silly audit   '@alloc/quick-lru': [ '5.2.0' ],
124 silly audit   '@ampproject/remapping': [ '2.3.0' ],
124 silly audit   '@babel/code-frame': [ '7.27.1' ],
124 silly audit   '@babel/compat-data': [ '7.28.0' ],
124 silly audit   '@babel/core': [ '7.28.0' ],
124 silly audit   'convert-source-map': [ '2.0.0', '1.9.0' ],
124 silly audit   semver: [ '6.3.1', '7.7.2' ],
124 silly audit   '@babel/eslint-parser': [ '7.28.0' ],
124 silly audit   'eslint-visitor-keys': [ '2.1.0', '3.4.3', '4.2.1' ],
124 silly audit   '@babel/generator': [ '7.28.0' ],
124 silly audit   '@babel/helper-annotate-as-pure': [ '7.27.3' ],
124 silly audit   '@babel/helper-compilation-targets': [ '7.27.2' ],
124 silly audit   '@babel/helper-globals': [ '7.28.0' ],
124 silly audit   '@babel/helper-member-expression-to-functions': [ '7.27.1' ],
124 silly audit   '@babel/helper-module-imports': [ '7.27.1' ],
124 silly audit   '@babel/helper-module-transforms': [ '7.27.3' ],
124 silly audit   '@babel/helper-optimise-call-expression': [ '7.27.1' ],
124 silly audit   '@babel/helper-plugin-utils': [ '7.27.1' ],
124 silly audit   '@babel/helper-skip-transparent-expression-wrappers': [ '7.27.1' ],
124 silly audit   '@babel/helper-string-parser': [ '7.27.1' ],
124 silly audit   '@babel/helper-validator-identifier': [ '7.27.1' ],
124 silly audit   '@babel/helper-validator-option': [ '7.27.1' ],
124 silly audit   '@babel/helper-wrap-function': [ '7.27.1' ],
124 silly audit   '@babel/helpers': [ '7.28.2' ],
124 silly audit   '@babel/parser': [ '7.28.0' ],
124 silly audit   '@babel/plugin-syntax-flow': [ '7.27.1' ],
124 silly audit   '@babel/plugin-syntax-jsx': [ '7.27.1' ],
124 silly audit   '@babel/plugin-transform-react-jsx': [ '7.27.1' ],
124 silly audit   '@babel/runtime': [ '7.28.2' ],
124 silly audit   '@babel/template': [ '7.27.2' ],
124 silly audit   '@babel/traverse': [ '7.28.0' ],
124 silly audit   '@babel/types': [ '7.28.2' ],
124 silly audit   '@bcoe/v8-coverage': [ '0.2.3' ],
124 silly audit   '@csstools/normalize.css': [ '12.1.1' ],
124 silly audit   '@csstools/postcss-cascade-layers': [ '1.1.1' ],
124 silly audit   '@csstools/postcss-color-function': [ '1.1.1' ],
124 silly audit   '@csstools/postcss-font-format-keywords': [ '1.0.1' ],
124 silly audit   '@csstools/postcss-hwb-function': [ '1.0.2' ],
124 silly audit   '@csstools/postcss-ic-unit': [ '1.0.1' ],
124 silly audit   '@csstools/postcss-is-pseudo-class': [ '2.0.7' ],
124 silly audit   '@csstools/postcss-nested-calc': [ '1.0.0' ],
124 silly audit   '@csstools/postcss-normalize-display-values': [ '1.0.1' ],
124 silly audit   '@csstools/postcss-oklab-function': [ '1.1.1' ],
124 silly audit   '@csstools/postcss-progressive-custom-properties': [ '1.3.0' ],
124 silly audit   '@csstools/postcss-stepped-value-functions': [ '1.0.1' ],
124 silly audit   '@csstools/postcss-text-decoration-shorthand': [ '1.0.0' ],
124 silly audit   '@csstools/postcss-trigonometric-functions': [ '1.0.2' ],
124 silly audit   '@csstools/postcss-unset-value': [ '1.0.2' ],
124 silly audit   '@csstools/selector-specificity': [ '2.2.0' ],
124 silly audit   '@eslint-community/eslint-utils': [ '4.7.0' ],
124 silly audit   '@eslint-community/regexpp': [ '4.12.1' ],
124 silly audit   '@eslint/config-array': [ '0.21.0' ],
124 silly audit   '@eslint/config-helpers': [ '0.3.1' ],
124 silly audit   '@eslint/core': [ '0.15.2' ],
124 silly audit   '@eslint/eslintrc': [ '3.3.1', '2.1.4' ],
124 silly audit   argparse: [ '2.0.1', '1.0.10' ],
124 silly audit   'js-yaml': [ '4.1.0', '3.14.1' ],
124 silly audit   '@eslint/js': [ '9.33.0', '8.57.1' ],
124 silly audit   '@eslint/object-schema': [ '2.1.6' ],
124 silly audit   '@eslint/plugin-kit': [ '0.3.5' ],
124 silly audit   '@humanfs/core': [ '0.19.1' ],
124 silly audit   '@humanfs/node': [ '0.16.6' ],
124 silly audit   '@humanwhocodes/retry': [ '0.3.1', '0.4.3' ],
124 silly audit   '@humanwhocodes/config-array': [ '0.13.0' ],
124 silly audit   '@humanwhocodes/module-importer': [ '1.0.1' ],
124 silly audit   '@humanwhocodes/object-schema': [ '2.0.3' ],
124 silly audit   '@isaacs/cliui': [ '8.0.2' ],
124 silly audit   'ansi-regex': [ '6.1.0', '5.0.1' ],
124 silly audit   'ansi-styles': [ '6.2.1', '5.2.0', '4.3.0', '3.2.1' ],
124 silly audit   'emoji-regex': [ '9.2.2', '8.0.0' ],
124 silly audit   'string-width': [ '5.1.2', '4.2.3' ],
124 silly audit   'strip-ansi': [ '7.1.0', '6.0.1' ],
124 silly audit   'wrap-ansi': [ '8.1.0', '7.0.0' ],
124 silly audit   '@istanbuljs/load-nyc-config': [ '1.1.0' ],
124 silly audit   camelcase: [ '5.3.1', '6.3.0' ],
124 silly audit   'resolve-from': [ '5.0.0', '4.0.0' ],
124 silly audit   '@istanbuljs/schema': [ '0.1.3' ],
124 silly audit   '@jest/console': [ '27.5.1', '28.1.3' ],
124 silly audit   '@jest/core': [ '27.5.1' ],
124 silly audit   '@jest/environment': [ '27.5.1' ],
124 silly audit   '@jest/fake-timers': [ '27.5.1' ],
124 silly audit   '@jest/globals': [ '27.5.1' ],
124 silly audit   '@jest/reporters': [ '27.5.1' ],
124 silly audit   '@jest/schemas': [ '28.1.3' ],
124 silly audit   '@jest/source-map': [ '27.5.1' ],
124 silly audit   '@jest/test-result': [ '27.5.1', '28.1.3' ],
124 silly audit   '@jest/test-sequencer': [ '27.5.1' ],
124 silly audit   '@jest/transform': [ '27.5.1' ],
124 silly audit   '@jest/types': [ '27.5.1', '28.1.3' ],
124 silly audit   '@jridgewell/gen-mapping': [ '0.3.13' ],
124 silly audit   '@jridgewell/resolve-uri': [ '3.1.2' ],
124 silly audit   '@jridgewell/source-map': [ '0.3.11' ],
124 silly audit   '@jridgewell/sourcemap-codec': [ '1.5.5' ],
124 silly audit   '@jridgewell/trace-mapping': [ '0.3.30' ],
124 silly audit   '@kurkle/color': [ '0.3.4' ],
124 silly audit   '@leichtgewicht/ip-codec': [ '2.0.5' ],
124 silly audit   '@nicolo-ribaudo/eslint-scope-5-internals': [ '5.1.1-v1' ],
124 silly audit   'eslint-scope': [ '5.1.1', '8.4.0', '7.2.2' ],
124 silly audit   estraverse: [ '4.3.0', '5.3.0' ],
124 silly audit   '@nodelib/fs.scandir': [ '2.1.5' ],
124 silly audit   '@nodelib/fs.stat': [ '2.0.5' ],
124 silly audit   '@nodelib/fs.walk': [ '1.2.8' ],
124 silly audit   '@pkgjs/parseargs': [ '0.11.0' ],
124 silly audit   '@ramonak/react-progress-bar': [ '5.4.0' ],
124 silly audit   '@reduxjs/toolkit': [ '2.8.2' ],
124 silly audit   '@rollup/plugin-node-resolve': [ '11.2.1' ],
124 silly audit   '@rollup/plugin-replace': [ '2.4.2' ],
124 silly audit   '@rollup/pluginutils': [ '3.1.0' ],
124 silly audit   '@types/estree': [ '0.0.39', '1.0.8' ],
124 silly audit   '@rtsao/scc': [ '1.1.0' ],
124 silly audit   '@rushstack/eslint-patch': [ '1.12.0' ],
124 silly audit   '@sinclair/typebox': [ '0.24.51' ],
124 silly audit   '@sinonjs/commons': [ '1.8.6' ],
124 silly audit   '@sinonjs/fake-timers': [ '8.1.0' ],
124 silly audit   '@standard-schema/spec': [ '1.0.0' ],
124 silly audit   '@standard-schema/utils': [ '0.3.0' ],
124 silly audit   '@surma/rollup-plugin-off-main-thread': [ '2.2.3' ],
124 silly audit   '@svgr/babel-plugin-add-jsx-attribute': [ '5.4.0' ],
124 silly audit   '@svgr/babel-plugin-remove-jsx-attribute': [ '5.4.0' ],
124 silly audit   '@svgr/babel-plugin-remove-jsx-empty-expression': [ '5.0.1' ],
124 silly audit   '@svgr/babel-plugin-replace-jsx-attribute-value': [ '5.0.1' ],
124 silly audit   '@svgr/babel-plugin-svg-dynamic-title': [ '5.4.0' ],
124 silly audit   '@svgr/babel-plugin-svg-em-dimensions': [ '5.4.0' ],
124 silly audit   '@svgr/babel-plugin-transform-react-native-svg': [ '5.4.0' ],
124 silly audit   '@svgr/babel-plugin-transform-svg-component': [ '5.5.0' ],
124 silly audit   '@svgr/babel-preset': [ '5.5.0' ],
124 silly audit   '@svgr/core': [ '5.5.0' ],
124 silly audit   '@svgr/hast-util-to-babel-ast': [ '5.5.0' ],
124 silly audit   '@svgr/plugin-jsx': [ '5.5.0' ],
124 silly audit   '@svgr/plugin-svgo': [ '5.5.0' ],
124 silly audit   '@svgr/webpack': [ '5.5.0' ],
124 silly audit   '@babel/helper-create-class-features-plugin': [ '7.27.1' ],
124 silly audit   '@babel/helper-create-regexp-features-plugin': [ '7.27.1' ],
124 silly audit   '@babel/helper-define-polyfill-provider': [ '0.6.5' ],
124 silly audit   '@babel/helper-remap-async-to-generator': [ '7.27.1' ],
124 silly audit   '@babel/helper-replace-supers': [ '7.27.1' ],
124 silly audit   '@babel/plugin-bugfix-firefox-class-in-computed-class-key': [ '7.27.1' ],
124 silly audit   '@babel/plugin-bugfix-safari-class-field-initializer-scope': [ '7.27.1' ],
124 silly audit   '@babel/plugin-bugfix-safari-id-destructuring-collision-in-function-expression': [ '7.27.1' ],
124 silly audit   '@babel/plugin-bugfix-v8-spread-parameters-in-optional-chaining': [ '7.27.1' ],
124 silly audit   '@babel/plugin-bugfix-v8-static-class-fields-redefine-readonly': [ '7.27.1' ],
124 silly audit   '@babel/plugin-proposal-private-property-in-object': [ '7.21.0-placeholder-for-preset-env.2', '7.21.11' ],
124 silly audit   '@babel/plugin-syntax-import-assertions': [ '7.27.1' ],
124 silly audit   '@babel/plugin-syntax-import-attributes': [ '7.27.1' ],
124 silly audit   '@babel/plugin-syntax-unicode-sets-regex': [ '7.18.6' ],
124 silly audit   '@babel/plugin-transform-arrow-functions': [ '7.27.1' ],
124 silly audit   '@babel/plugin-transform-async-generator-functions': [ '7.28.0' ],
124 silly audit   '@babel/plugin-transform-async-to-generator': [ '7.27.1' ],
124 silly audit   '@babel/plugin-transform-block-scoped-functions': [ '7.27.1' ],
124 silly audit   '@babel/plugin-transform-block-scoping': [ '7.28.0' ],
124 silly audit   '@babel/plugin-transform-class-properties': [ '7.27.1' ],
124 silly audit   '@babel/plugin-transform-class-static-block': [ '7.27.1' ],
124 silly audit   '@babel/plugin-transform-classes': [ '7.28.0' ],
124 silly audit   '@babel/plugin-transform-computed-properties': [ '7.27.1' ],
124 silly audit   '@babel/plugin-transform-destructuring': [ '7.28.0' ],
124 silly audit   '@babel/plugin-transform-dotall-regex': [ '7.27.1' ],
124 silly audit   '@babel/plugin-transform-duplicate-keys': [ '7.27.1' ],
124 silly audit   '@babel/plugin-transform-duplicate-named-capturing-groups-regex': [ '7.27.1' ],
124 silly audit   '@babel/plugin-transform-dynamic-import': [ '7.27.1' ],
124 silly audit   '@babel/plugin-transform-explicit-resource-management': [ '7.28.0' ],
124 silly audit   '@babel/plugin-transform-exponentiation-operator': [ '7.27.1' ],
124 silly audit   '@babel/plugin-transform-export-namespace-from': [ '7.27.1' ],
124 silly audit   '@babel/plugin-transform-for-of': [ '7.27.1' ],
124 silly audit   '@babel/plugin-transform-function-name': [ '7.27.1' ],
124 silly audit   '@babel/plugin-transform-json-strings': [ '7.27.1' ],
124 silly audit   '@babel/plugin-transform-literals': [ '7.27.1' ],
124 silly audit   '@babel/plugin-transform-logical-assignment-operators': [ '7.27.1' ],
124 silly audit   '@babel/plugin-transform-member-expression-literals': [ '7.27.1' ],
124 silly audit   '@babel/plugin-transform-modules-amd': [ '7.27.1' ],
124 silly audit   '@babel/plugin-transform-modules-commonjs': [ '7.27.1' ],
124 silly audit   '@babel/plugin-transform-modules-systemjs': [ '7.27.1' ],
124 silly audit   '@babel/plugin-transform-modules-umd': [ '7.27.1' ],
124 silly audit   '@babel/plugin-transform-named-capturing-groups-regex': [ '7.27.1' ],
124 silly audit   '@babel/plugin-transform-new-target': [ '7.27.1' ],
124 silly audit   '@babel/plugin-transform-nullish-coalescing-operator': [ '7.27.1' ],
124 silly audit   '@babel/plugin-transform-numeric-separator': [ '7.27.1' ],
124 silly audit   '@babel/plugin-transform-object-rest-spread': [ '7.28.0' ],
124 silly audit   '@babel/plugin-transform-object-super': [ '7.27.1' ],
124 silly audit   '@babel/plugin-transform-optional-catch-binding': [ '7.27.1' ],
124 silly audit   '@babel/plugin-transform-optional-chaining': [ '7.27.1' ],
124 silly audit   '@babel/plugin-transform-parameters': [ '7.27.7' ],
124 silly audit   '@babel/plugin-transform-private-methods': [ '7.27.1' ],
124 silly audit   '@babel/plugin-transform-private-property-in-object': [ '7.27.1' ],
124 silly audit   '@babel/plugin-transform-property-literals': [ '7.27.1' ],
124 silly audit   '@babel/plugin-transform-react-constant-elements': [ '7.27.1' ],
124 silly audit   '@babel/plugin-transform-react-display-name': [ '7.28.0' ],
124 silly audit   '@babel/plugin-transform-react-jsx-development': [ '7.27.1' ],
124 silly audit   '@babel/plugin-transform-react-pure-annotations': [ '7.27.1' ],
124 silly audit   '@babel/plugin-transform-regenerator': [ '7.28.1' ],
124 silly audit   '@babel/plugin-transform-regexp-modifiers': [ '7.27.1' ],
124 silly audit   '@babel/plugin-transform-reserved-words': [ '7.27.1' ],
124 silly audit   '@babel/plugin-transform-shorthand-properties': [ '7.27.1' ],
124 silly audit   '@babel/plugin-transform-spread': [ '7.27.1' ],
124 silly audit   '@babel/plugin-transform-sticky-regex': [ '7.27.1' ],
124 silly audit   '@babel/plugin-transform-template-literals': [ '7.27.1' ],
124 silly audit   '@babel/plugin-transform-typeof-symbol': [ '7.27.1' ],
124 silly audit   '@babel/plugin-transform-unicode-escapes': [ '7.27.1' ],
124 silly audit   '@babel/plugin-transform-unicode-property-regex': [ '7.27.1' ],
124 silly audit   '@babel/plugin-transform-unicode-regex': [ '7.27.1' ],
124 silly audit   '@babel/plugin-transform-unicode-sets-regex': [ '7.27.1' ],
124 silly audit   '@babel/preset-env': [ '7.28.0' ],
124 silly audit   '@babel/preset-modules': [ '0.1.6-no-external-plugins' ],
124 silly audit   '@babel/preset-react': [ '7.27.1' ],
124 silly audit   'babel-plugin-polyfill-corejs2': [ '0.4.14' ],
124 silly audit   'babel-plugin-polyfill-corejs3': [ '0.13.0' ],
124 silly audit   'babel-plugin-polyfill-regenerator': [ '0.6.5' ],
124 silly audit   '@testing-library/dom': [ '10.4.1' ],
124 silly audit   '@testing-library/jest-dom': [ '6.6.4' ],
124 silly audit   'dom-accessibility-api': [ '0.6.3', '0.5.16' ],
124 silly audit   '@testing-library/react': [ '16.3.0' ],
124 silly audit   '@testing-library/user-event': [ '13.5.0' ],
124 silly audit   '@tootallnate/once': [ '1.1.2' ],
124 silly audit   '@trysound/sax': [ '0.2.0' ],
124 silly audit   '@types/aria-query': [ '5.0.4' ],
124 silly audit   '@types/babel__core': [ '7.20.5' ],
124 silly audit   '@types/babel__generator': [ '7.27.0' ],
124 silly audit   '@types/babel__template': [ '7.4.4' ],
124 silly audit   '@types/babel__traverse': [ '7.28.0' ],
124 silly audit   '@types/body-parser': [ '1.19.6' ],
124 silly audit   '@types/bonjour': [ '3.5.13' ],
124 silly audit   '@types/connect': [ '3.4.38' ],
124 silly audit   '@types/connect-history-api-fallback': [ '1.5.4' ],
124 silly audit   '@types/debug': [ '4.1.12' ],
124 silly audit   '@types/eslint': [ '9.6.1', '8.56.12' ],
124 silly audit   '@types/eslint-scope': [ '3.7.7' ],
124 silly audit   '@types/estree-jsx': [ '1.0.5' ],
124 silly audit   '@types/express': [ '4.17.23' ],
124 silly audit   '@types/express-serve-static-core': [ '5.0.7', '4.19.6' ],
124 silly audit   '@types/graceful-fs': [ '4.1.9' ],
124 silly audit   '@types/hast': [ '3.0.4' ],
124 silly audit   '@types/html-minifier-terser': [ '6.1.0' ],
124 silly audit   '@types/http-errors': [ '2.0.5' ],
124 silly audit   '@types/http-proxy': [ '1.17.16' ],
124 silly audit   '@types/istanbul-lib-coverage': [ '2.0.6' ],
124 silly audit   '@types/istanbul-lib-report': [ '3.0.3' ],
124 silly audit   '@types/istanbul-reports': [ '3.0.4' ],
124 silly audit   '@types/json-schema': [ '7.0.15' ],
124 silly audit   '@types/json5': [ '0.0.29' ],
124 silly audit   '@types/mdast': [ '4.0.4' ],
124 silly audit   '@types/mime': [ '1.3.5' ],
124 silly audit   '@types/ms': [ '2.1.0' ],
124 silly audit   '@types/node-forge': [ '1.3.13' ],
124 silly audit   '@types/parse-json': [ '4.0.2' ],
124 silly audit   '@types/prettier': [ '2.7.3' ],
124 silly audit   '@types/q': [ '1.5.8' ],
124 silly audit   '@types/qs': [ '6.14.0' ],
124 silly audit   '@types/range-parser': [ '1.2.7' ],
124 silly audit   '@types/react': [ '19.1.10' ],
124 silly audit   '@types/resolve': [ '1.17.1' ],
124 silly audit   '@types/retry': [ '0.12.0' ],
124 silly audit   '@types/semver': [ '7.7.0' ],
124 silly audit   '@types/send': [ '0.17.5' ],
124 silly audit   '@types/serve-index': [ '1.9.4' ],
124 silly audit   '@types/serve-static': [ '1.15.8' ],
124 silly audit   '@types/sockjs': [ '0.3.36' ],
124 silly audit   '@types/stack-utils': [ '2.0.3' ],
124 silly audit   '@types/trusted-types': [ '2.0.7' ],
124 silly audit   '@types/unist': [ '3.0.3', '2.0.11' ],
124 silly audit   '@types/use-sync-external-store': [ '0.0.6' ],
124 silly audit   '@types/ws': [ '8.18.1' ],
124 silly audit   '@types/yargs': [ '16.0.9', '17.0.33' ],
124 silly audit   '@types/yargs-parser': [ '21.0.3' ],
124 silly audit   '@typescript-eslint/eslint-plugin': [ '5.62.0' ],
124 silly audit   '@typescript-eslint/experimental-utils': [ '5.62.0' ],
124 silly audit   '@typescript-eslint/parser': [ '5.62.0' ],
124 silly audit   '@typescript-eslint/scope-manager': [ '5.62.0' ],
124 silly audit   '@typescript-eslint/type-utils': [ '5.62.0' ],
124 silly audit   '@typescript-eslint/types': [ '5.62.0' ],
124 silly audit   '@typescript-eslint/typescript-estree': [ '5.62.0' ],
124 silly audit   '@typescript-eslint/utils': [ '5.62.0' ],
124 silly audit   '@typescript-eslint/visitor-keys': [ '5.62.0' ],
124 silly audit   '@ungap/structured-clone': [ '1.3.0' ],
124 silly audit   '@webassemblyjs/ast': [ '1.14.1' ],
124 silly audit   '@webassemblyjs/floating-point-hex-parser': [ '1.13.2' ],
124 silly audit   '@webassemblyjs/helper-api-error': [ '1.13.2' ],
124 silly audit   '@webassemblyjs/helper-buffer': [ '1.14.1' ],
124 silly audit   '@webassemblyjs/helper-numbers': [ '1.13.2' ],
124 silly audit   '@webassemblyjs/helper-wasm-bytecode': [ '1.13.2' ],
124 silly audit   '@webassemblyjs/helper-wasm-section': [ '1.14.1' ],
124 silly audit   '@webassemblyjs/ieee754': [ '1.13.2' ],
124 silly audit   '@webassemblyjs/leb128': [ '1.13.2' ],
124 silly audit   '@webassemblyjs/utf8': [ '1.13.2' ],
124 silly audit   '@webassemblyjs/wasm-edit': [ '1.14.1' ],
124 silly audit   '@webassemblyjs/wasm-gen': [ '1.14.1' ],
124 silly audit   '@webassemblyjs/wasm-opt': [ '1.14.1' ],
124 silly audit   '@webassemblyjs/wasm-parser': [ '1.14.1' ],
124 silly audit   '@webassemblyjs/wast-printer': [ '1.14.1' ],
124 silly audit   '@xtuc/ieee754': [ '1.2.0' ],
124 silly audit   '@xtuc/long': [ '4.2.2' ],
124 silly audit   abab: [ '2.0.6' ],
124 silly audit   accepts: [ '1.3.8' ],
124 silly audit   negotiator: [ '0.6.3', '0.6.4' ],
124 silly audit   acorn: [ '8.15.0', '7.4.1' ],
124 silly audit   'acorn-globals': [ '6.0.0' ],
124 silly audit   'acorn-import-phases': [ '1.0.4' ],
124 silly audit   'acorn-jsx': [ '5.3.2' ],
124 silly audit   'acorn-walk': [ '7.2.0' ],
124 silly audit   address: [ '1.2.2' ],
124 silly audit   'adjust-sourcemap-loader': [ '4.0.0' ],
124 silly audit   'agent-base': [ '6.0.2' ],
124 silly audit   ajv: [ '6.12.6', '8.17.1' ],
124 silly audit   'ajv-formats': [ '2.1.1' ],
124 silly audit   'json-schema-traverse': [ '1.0.0', '0.4.1' ],
124 silly audit   'ajv-keywords': [ '3.5.2', '5.1.0' ],
124 silly audit   'ansi-escapes': [ '4.3.2' ],
124 silly audit   'ansi-html': [ '0.0.9' ],
124 silly audit   'ansi-html-community': [ '0.0.8' ],
124 silly audit   'any-promise': [ '1.3.0' ],
124 silly audit   anymatch: [ '3.1.3' ],
124 silly audit   arg: [ '5.0.2' ],
124 silly audit   'aria-query': [ '5.3.0', '5.3.2' ],
124 silly audit   'array-buffer-byte-length': [ '1.0.2' ],
124 silly audit   'array-flatten': [ '1.1.1' ],
124 silly audit   'array-includes': [ '3.1.9' ],
124 silly audit   'array-union': [ '2.1.0' ],
124 silly audit   'array.prototype.findlast': [ '1.2.5' ],
124 silly audit   'array.prototype.findlastindex': [ '1.2.6' ],
124 silly audit   'array.prototype.flat': [ '1.3.3' ],
124 silly audit   'array.prototype.flatmap': [ '1.3.3' ],
124 silly audit   'array.prototype.reduce': [ '1.0.8' ],
124 silly audit   'array.prototype.tosorted': [ '1.1.4' ],
124 silly audit   'arraybuffer.prototype.slice': [ '1.0.4' ],
124 silly audit   asap: [ '2.0.6' ],
124 silly audit   'ast-types-flow': [ '0.0.8' ],
124 silly audit   async: [ '3.2.6' ],
124 silly audit   'async-function': [ '1.0.0' ],
124 silly audit   asynckit: [ '0.4.0' ],
124 silly audit   'at-least-node': [ '1.0.0' ],
124 silly audit   'attr-accept': [ '2.2.5' ],
124 silly audit   autoprefixer: [ '10.4.21' ],
124 silly audit   'available-typed-arrays': [ '1.0.7' ],
124 silly audit   'axe-core': [ '4.10.3' ],
124 silly audit   axios: [ '1.11.0' ],
124 silly audit   'axobject-query': [ '4.1.0' ],
124 silly audit   'babel-plugin-istanbul': [ '6.1.1' ],
124 silly audit   'babel-plugin-jest-hoist': [ '27.5.1' ],
124 silly audit   'babel-plugin-macros': [ '3.1.0' ],
124 silly audit   'babel-plugin-transform-react-remove-prop-types': [ '0.4.24' ],
124 silly audit   'babel-preset-react-app': [ '10.1.0' ],
124 silly audit   '@babel/plugin-proposal-class-properties': [ '7.18.6' ],
124 silly audit   '@babel/plugin-proposal-decorators': [ '7.28.0' ],
124 silly audit   '@babel/plugin-proposal-nullish-coalescing-operator': [ '7.18.6' ],
124 silly audit   '@babel/plugin-proposal-numeric-separator': [ '7.18.6' ],
124 silly audit   '@babel/plugin-proposal-optional-chaining': [ '7.21.0' ],
124 silly audit   '@babel/plugin-proposal-private-methods': [ '7.18.6' ],
124 silly audit   '@babel/plugin-syntax-decorators': [ '7.27.1' ],
124 silly audit   '@babel/plugin-syntax-nullish-coalescing-operator': [ '7.8.3' ],
124 silly audit   '@babel/plugin-syntax-numeric-separator': [ '7.10.4' ],
124 silly audit   '@babel/plugin-syntax-optional-chaining': [ '7.8.3' ],
124 silly audit   '@babel/plugin-syntax-private-property-in-object': [ '7.14.5' ],
124 silly audit   '@babel/plugin-syntax-typescript': [ '7.27.1' ],
124 silly audit   '@babel/plugin-transform-flow-strip-types': [ '7.27.1' ],
124 silly audit   '@babel/plugin-transform-runtime': [ '7.28.0' ],
124 silly audit   '@babel/plugin-transform-typescript': [ '7.28.0' ],
124 silly audit   '@babel/preset-typescript': [ '7.27.1' ],
124 silly audit   bail: [ '2.0.2' ],
124 silly audit   'balanced-match': [ '1.0.2' ],
124 silly audit   batch: [ '0.6.1' ],
124 silly audit   bfj: [ '7.1.0' ],
124 silly audit   'big.js': [ '5.2.2' ],
124 silly audit   'binary-extensions': [ '2.3.0' ],
124 silly audit   bluebird: [ '3.7.2' ],
124 silly audit   'body-parser': [ '1.20.3' ],
124 silly audit   debug: [ '2.6.9', '4.4.1', '3.2.7' ],
124 silly audit   ms: [ '2.0.0', '2.1.3' ],
124 silly audit   'bonjour-service': [ '1.3.0' ],
124 silly audit   boolbase: [ '1.0.0' ],
124 silly audit   'brace-expansion': [ '1.1.12', '2.0.2' ],
124 silly audit   braces: [ '3.0.3' ],
124 silly audit   'browser-process-hrtime': [ '1.0.0' ],
124 silly audit   browserslist: [ '4.25.2' ],
124 silly audit   bser: [ '2.1.1' ],
124 silly audit   'buffer-from': [ '1.1.2' ],
124 silly audit   'builtin-modules': [ '3.3.0' ],
124 silly audit   bytes: [ '3.1.2' ],
124 silly audit   'call-bind': [ '1.0.8' ],
124 silly audit   'call-bind-apply-helpers': [ '1.0.2' ],
124 silly audit   'call-bound': [ '1.0.4' ],
124 silly audit   callsites: [ '3.1.0' ],
124 silly audit   'camel-case': [ '4.1.2' ],
124 silly audit   'camelcase-css': [ '2.0.1' ],
124 silly audit   'caniuse-api': [ '3.0.0' ],
124 silly audit   'caniuse-lite': [ '1.0.30001734' ],
124 silly audit   'case-sensitive-paths-webpack-plugin': [ '2.4.0' ],
124 silly audit   ccount: [ '2.0.1' ],
124 silly audit   chalk: [ '4.1.2', '2.4.2' ],
124 silly audit   'char-regex': [ '1.0.2', '2.0.2' ],
124 silly audit   'character-entities': [ '2.0.2' ],
124 silly audit   'character-entities-html4': [ '2.1.0' ],
124 silly audit   'character-entities-legacy': [ '3.0.0' ],
124 silly audit   'character-reference-invalid': [ '2.0.1' ],
124 silly audit   'chart.js': [ '4.5.0' ],
124 silly audit   'check-types': [ '11.2.3' ],
124 silly audit   chokidar: [ '3.6.0' ],
124 silly audit   'chrome-trace-event': [ '1.0.4' ],
124 silly audit   'ci-info': [ '3.9.0' ],
124 silly audit   'cjs-module-lexer': [ '1.4.3' ],
124 silly audit   classnames: [ '2.5.1' ],
124 silly audit   'clean-css': [ '5.3.3' ],
124 silly audit   cliui: [ '7.0.4' ],
124 silly audit   co: [ '4.6.0' ],
124 silly audit   coa: [ '2.0.2' ],
124 silly audit   'color-convert': [ '1.9.3', '2.0.1' ],
124 silly audit   'color-name': [ '1.1.3', '1.1.4' ],
124 silly audit   'escape-string-regexp': [ '1.0.5', '4.0.0', '2.0.0' ],
124 silly audit   'has-flag': [ '3.0.0', '4.0.0' ],
124 silly audit   'supports-color': [ '5.5.0', '8.1.1', '7.2.0' ],
124 silly audit   'collect-v8-coverage': [ '1.0.2' ],
124 silly audit   colord: [ '2.9.3' ],
124 silly audit   colorette: [ '2.0.20' ],
124 silly audit   'combined-stream': [ '1.0.8' ],
124 silly audit   'comma-separated-tokens': [ '2.0.3' ],
124 silly audit   commander: [ '9.5.0', '8.3.0', '7.2.0', '4.1.1', '2.20.3' ],
124 silly audit   'common-tags': [ '1.8.2' ],
124 silly audit   commondir: [ '1.0.1' ],
124 silly audit   compressible: [ '2.0.18' ],
124 silly audit   compression: [ '1.8.1' ],
124 silly audit   'concat-map': [ '0.0.1' ],
124 silly audit   'confusing-browser-globals': [ '1.0.11' ],
124 silly audit   'connect-history-api-fallback': [ '2.0.0' ],
124 silly audit   'content-disposition': [ '0.5.4' ],
124 silly audit   'content-type': [ '1.0.5' ],
124 silly audit   cookie: [ '0.7.1' ],
124 silly audit   'cookie-signature': [ '1.0.6' ],
124 silly audit   'copy-to-clipboard': [ '3.3.3' ],
124 silly audit   'core-js': [ '3.45.0' ],
124 silly audit   'core-js-compat': [ '3.45.0' ],
124 silly audit   'core-js-pure': [ '3.45.0' ],
124 silly audit   'core-util-is': [ '1.0.3' ],
124 silly audit   cosmiconfig: [ '7.1.0', '6.0.0' ],
124 silly audit   'cross-spawn': [ '7.0.6' ],
124 silly audit   'crypto-random-string': [ '2.0.0' ],
124 silly audit   'css-blank-pseudo': [ '3.0.3' ],
124 silly audit   'css-declaration-sorter': [ '6.4.1' ],
124 silly audit   'css-has-pseudo': [ '3.0.4' ],
124 silly audit   'css-prefers-color-scheme': [ '6.0.3' ],
124 silly audit   'css-select': [ '2.1.0', '4.3.0' ],
124 silly audit   'css-select-base-adapter': [ '0.1.1' ],
124 silly audit   'css-tree': [ '1.0.0-alpha.37', '1.1.3' ],
124 silly audit   'css-what': [ '3.4.2', '6.2.2' ],
124 silly audit   'css.escape': [ '1.5.1' ],
124 silly audit   cssdb: [ '7.11.2' ],
124 silly audit   cssesc: [ '3.0.0' ],
124 silly audit   cssnano: [ '5.1.15' ],
124 silly audit   'cssnano-preset-default': [ '5.2.14' ],
124 silly audit   'cssnano-utils': [ '3.1.0' ],
124 silly audit   csso: [ '4.2.0' ],
124 silly audit   'mdn-data': [ '2.0.14', '2.0.4' ],
124 silly audit   cssom: [ '0.4.4', '0.3.8' ],
124 silly audit   cssstyle: [ '2.3.0' ],
124 silly audit   csstype: [ '3.1.3' ],
124 silly audit   'damerau-levenshtein': [ '1.0.8' ],
124 silly audit   'data-urls': [ '2.0.0' ],
124 silly audit   'data-view-buffer': [ '1.0.2' ],
124 silly audit   'data-view-byte-length': [ '1.0.2' ],
124 silly audit   'data-view-byte-offset': [ '1.0.1' ],
124 silly audit   'decimal.js': [ '10.6.0' ],
124 silly audit   'decode-named-character-reference': [ '1.2.0' ],
124 silly audit   dedent: [ '0.7.0' ],
124 silly audit   'deep-is': [ '0.1.4' ],
124 silly audit   deepmerge: [ '4.3.1' ],
124 silly audit   'default-gateway': [ '6.0.3' ],
124 silly audit   'define-data-property': [ '1.1.4' ],
124 silly audit   'define-lazy-prop': [ '2.0.0' ],
124 silly audit   'define-properties': [ '1.2.1' ],
124 silly audit   'delayed-stream': [ '1.0.0' ],
124 silly audit   depd: [ '2.0.0', '1.1.2' ],
124 silly audit   dequal: [ '2.0.3' ],
124 silly audit   destroy: [ '1.2.0' ],
124 silly audit   'detect-newline': [ '3.1.0' ],
124 silly audit   'detect-node': [ '2.1.0' ],
124 silly audit   'detect-port-alt': [ '1.1.6' ],
124 silly audit   devlop: [ '1.1.0' ],
124 silly audit   didyoumean: [ '1.2.2' ],
124 silly audit   'diff-sequences': [ '27.5.1' ],
124 silly audit   'dir-glob': [ '3.0.1' ],
124 silly audit   dlv: [ '1.1.3' ],
124 silly audit   'dns-packet': [ '5.6.1' ],
124 silly audit   doctrine: [ '3.0.0', '2.1.0' ],
124 silly audit   'dom-converter': [ '0.2.0' ],
124 silly audit   'dom-serializer': [ '0.2.2', '1.4.1' ],
124 silly audit   domelementtype: [ '2.3.0', '1.3.1' ],
124 silly audit   dom7: [ '4.0.6' ],
124 silly audit   domexception: [ '2.0.1' ],
124 silly audit   'webidl-conversions': [ '5.0.0', '6.1.0', '4.0.2', '7.0.0' ],
124 silly audit   domhandler: [ '4.3.1' ],
124 silly audit   domutils: [ '1.7.0', '2.8.0' ],
124 silly audit   'dot-case': [ '3.0.4' ],
124 silly audit   dotenv: [ '10.0.0' ],
124 silly audit   'dotenv-expand': [ '5.1.0' ],
124 silly audit   'dunder-proto': [ '1.0.1' ],
124 silly audit   duplexer: [ '0.1.2' ],
124 silly audit   eastasianwidth: [ '0.2.0' ],
124 silly audit   'ee-first': [ '1.1.1' ],
124 silly audit   ejs: [ '3.1.10' ],
124 silly audit   'electron-to-chromium': [ '1.5.200' ],
124 silly audit   emittery: [ '0.8.1', '0.10.2' ],
124 silly audit   'emojis-list': [ '3.0.0' ],
124 silly audit   encodeurl: [ '2.0.0', '1.0.2' ],
124 silly audit   'enhanced-resolve': [ '5.18.3' ],
124 silly audit   tapable: [ '2.2.2', '1.1.3' ],
124 silly audit   entities: [ '2.2.0' ],
124 silly audit   'error-ex': [ '1.3.2' ],
124 silly audit   'error-stack-parser': [ '2.1.4' ],
124 silly audit   'es-abstract': [ '1.24.0' ],
124 silly audit   'es-array-method-boxes-properly': [ '1.0.0' ],
124 silly audit   'es-define-property': [ '1.0.1' ],
124 silly audit   'es-errors': [ '1.3.0' ],
124 silly audit   'es-iterator-helpers': [ '1.2.1' ],
124 silly audit   'es-module-lexer': [ '1.7.0' ],
124 silly audit   'es-object-atoms': [ '1.1.1' ],
124 silly audit   'es-set-tostringtag': [ '2.1.0' ],
124 silly audit   'es-shim-unscopables': [ '1.1.0' ],
124 silly audit   'es-to-primitive': [ '1.3.0' ],
124 silly audit   escalade: [ '3.2.0' ],
124 silly audit   'escape-html': [ '1.0.3' ],
124 silly audit   escodegen: [ '2.1.0', '1.14.3' ],
124 silly audit   eslint: [ '8.57.1', '9.33.0' ],
124 silly audit   'eslint-config-react-app': [ '7.0.1' ],
124 silly audit   'eslint-plugin-react-hooks': [ '4.6.2', '5.2.0' ],
124 silly audit   'eslint-import-resolver-node': [ '0.3.9' ],
124 silly audit   'eslint-module-utils': [ '2.12.1' ],
124 silly audit   'eslint-plugin-flowtype': [ '8.0.3' ],
124 silly audit   'eslint-plugin-import': [ '2.32.0' ],
124 silly audit   'eslint-plugin-jest': [ '25.7.0' ],
124 silly audit   'eslint-plugin-jsx-a11y': [ '6.10.2' ],
124 silly audit   'eslint-plugin-react': [ '7.37.5' ],
124 silly audit   resolve: [ '2.0.0-next.5', '1.22.10' ],
124 silly audit   'eslint-plugin-testing-library': [ '5.11.1' ],
124 silly audit   espree: [ '9.6.1', '10.4.0' ],
124 silly audit   'file-entry-cache': [ '6.0.1', '8.0.0' ],
124 silly audit   'find-up': [ '5.0.0', '4.1.0', '3.0.0' ],
124 silly audit   'flat-cache': [ '3.2.0', '4.0.1' ],
124 silly audit   'glob-parent': [ '6.0.2', '5.1.2' ],
124 silly audit   globals: [ '13.24.0', '14.0.0' ],
124 silly audit   'locate-path': [ '6.0.0', '5.0.0', '3.0.0' ],
124 silly audit   'p-limit': [ '3.1.0', '2.3.0' ],
124 silly audit   'p-locate': [ '5.0.0', '4.1.0', '3.0.0' ],
124 silly audit   'type-fest': [ '0.20.2', '0.16.0', '0.21.3' ],
124 silly audit   esprima: [ '4.0.1', '1.2.2' ],
124 silly audit   esquery: [ '1.6.0' ],
124 silly audit   esrecurse: [ '4.3.0' ],
124 silly audit   'estree-util-is-identifier-name': [ '3.0.0' ],
124 silly audit   'estree-walker': [ '1.0.1' ],
124 silly audit   esutils: [ '2.0.3' ],
124 silly audit   etag: [ '1.8.1' ],
124 silly audit   eventemitter3: [ '4.0.7' ],
124 silly audit   events: [ '3.3.0' ],
124 silly audit   execa: [ '5.1.1' ],
124 silly audit   exit: [ '0.1.2' ],
124 silly audit   expect: [ '27.5.1' ],
124 silly audit   express: [ '4.21.2' ],
124 silly audit   extend: [ '3.0.2' ],
124 silly audit   'fast-deep-equal': [ '3.1.3' ],
124 silly audit   'fast-glob': [ '3.3.3' ],
124 silly audit   'fast-json-stable-stringify': [ '2.1.0' ],
124 silly audit   'fast-levenshtein': [ '2.0.6' ],
124 silly audit   'fast-uri': [ '3.0.6' ],
124 silly audit   fastq: [ '1.19.1' ],
124 silly audit   'faye-websocket': [ '0.11.4' ],
124 silly audit   'fb-watchman': [ '2.0.2' ],
124 silly audit   'file-selector': [ '2.1.2' ],
124 silly audit   filelist: [ '1.0.4' ],
124 silly audit   minimatch: [ '5.1.6', '3.1.2', '9.0.5' ],
124 silly audit   filesize: [ '8.0.7' ],
124 silly audit   'fill-range': [ '7.1.1' ],
124 silly audit   finalhandler: [ '1.3.1' ],
124 silly audit   'find-cache-dir': [ '3.3.2' ],
124 silly audit   'make-dir': [ '3.1.0', '4.0.0' ],
124 silly audit   flatted: [ '3.3.3' ],
124 silly audit   'follow-redirects': [ '1.15.11' ],
124 silly audit   'for-each': [ '0.3.5' ],
124 silly audit   'foreground-child': [ '3.3.1' ],
124 silly audit   'signal-exit': [ '4.1.0', '3.0.7' ],
124 silly audit   'form-data': [ '4.0.4', '3.0.4' ],
124 silly audit   forwarded: [ '0.2.0' ],
124 silly audit   'fraction.js': [ '4.3.7' ],
124 silly audit   fresh: [ '0.5.2' ],
124 silly audit   'fs-extra': [ '10.1.0', '9.1.0' ],
124 silly audit   'fs-monkey': [ '1.1.0' ],
124 silly audit   'fs.realpath': [ '1.0.0' ],
124 silly audit   fsevents: [ '2.3.3' ],
124 silly audit   'function-bind': [ '1.1.2' ],
124 silly audit   'function.prototype.name': [ '1.1.8' ],
124 silly audit   'functions-have-names': [ '1.2.3' ],
124 silly audit   gensync: [ '1.0.0-beta.2' ],
124 silly audit   'get-caller-file': [ '2.0.5' ],
124 silly audit   'get-intrinsic': [ '1.3.0' ],
124 silly audit   'get-own-enumerable-property-symbols': [ '3.0.2' ],
124 silly audit   'get-package-type': [ '0.1.0' ],
124 silly audit   'get-proto': [ '1.0.1' ],
124 silly audit   'get-stream': [ '6.0.1' ],
124 silly audit   'get-symbol-description': [ '1.1.0' ],
124 silly audit   glob: [ '7.2.3', '10.4.5' ],
124 silly audit   'glob-to-regexp': [ '0.4.1' ],
124 silly audit   'global-modules': [ '2.0.0' ],
124 silly audit   'global-prefix': [ '3.0.0' ],
124 silly audit   which: [ '1.3.1', '2.0.2' ],
124 silly audit   globalthis: [ '1.0.4' ],
124 silly audit   globby: [ '11.1.0' ],
124 silly audit   goober: [ '2.1.16' ],
124 silly audit   gopd: [ '1.2.0' ],
124 silly audit   'graceful-fs': [ '4.2.11' ],
124 silly audit   graphemer: [ '1.4.0' ],
124 silly audit   'gzip-size': [ '6.0.0' ],
124 silly audit   'handle-thing': [ '2.0.1' ],
124 silly audit   'harmony-reflect': [ '1.6.2' ],
124 silly audit   'has-bigints': [ '1.1.0' ],
124 silly audit   'has-property-descriptors': [ '1.0.2' ],
124 silly audit   'has-proto': [ '1.2.0' ],
124 silly audit   'has-symbols': [ '1.1.0' ],
124 silly audit   'has-tostringtag': [ '1.0.2' ],
124 silly audit   hasown: [ '2.0.2' ],
124 silly audit   'hast-util-to-jsx-runtime': [ '2.3.6' ],
124 silly audit   'hast-util-whitespace': [ '3.0.0' ],
124 silly audit   he: [ '1.2.0' ],
124 silly audit   hoopy: [ '0.1.4' ],
124 silly audit   'hpack.js': [ '2.1.6' ],
124 silly audit   isarray: [ '1.0.0', '2.0.5' ],
124 silly audit   'readable-stream': [ '2.3.8', '3.6.2' ],
124 silly audit   'safe-buffer': [ '5.1.2', '5.2.1' ],
124 silly audit   string_decoder: [ '1.1.1', '1.3.0' ],
124 silly audit   'html-encoding-sniffer': [ '2.0.1' ],
124 silly audit   'html-entities': [ '2.6.0' ],
124 silly audit   'html-escaper': [ '2.0.2' ],
124 silly audit   'html-minifier-terser': [ '6.1.0' ],
124 silly audit   'html-url-attributes': [ '3.0.1' ],
124 silly audit   htmlparser2: [ '6.1.0' ],
124 silly audit   'http-deceiver': [ '1.2.7' ],
124 silly audit   'http-errors': [ '2.0.0', '1.6.3' ],
124 silly audit   'http-parser-js': [ '0.5.10' ],
124 silly audit   'http-proxy': [ '1.18.1' ],
124 silly audit   'http-proxy-agent': [ '4.0.1' ],
124 silly audit   'http-proxy-middleware': [ '2.0.9' ],
124 silly audit   'is-plain-obj': [ '3.0.0', '4.1.0' ],
124 silly audit   'https-proxy-agent': [ '5.0.1' ],
124 silly audit   'human-signals': [ '2.1.0' ],
124 silly audit   'iconv-lite': [ '0.4.24', '0.6.3' ],
124 silly audit   'icss-utils': [ '5.1.0' ],
124 silly audit   idb: [ '7.1.1' ],
124 silly audit   'identity-obj-proxy': [ '3.0.0' ],
124 silly audit   ignore: [ '5.3.2' ],
124 silly audit   immer: [ '10.1.1', '9.0.21' ],
124 silly audit   'import-fresh': [ '3.3.1' ],
124 silly audit   'import-local': [ '3.2.0' ],
124 silly audit   imurmurhash: [ '0.1.4' ],
124 silly audit   'indent-string': [ '4.0.0' ],
124 silly audit   inflight: [ '1.0.6' ],
124 silly audit   inherits: [ '2.0.4', '2.0.3' ],
124 silly audit   ini: [ '1.3.8' ],
124 silly audit   'inline-style-parser': [ '0.2.4' ],
124 silly audit   'internal-slot': [ '1.1.0' ],
124 silly audit   'ipaddr.js': [ '2.2.0', '1.9.1' ],
124 silly audit   'is-alphabetical': [ '2.0.1' ],
124 silly audit   'is-alphanumerical': [ '2.0.1' ],
124 silly audit   'is-array-buffer': [ '3.0.5' ],
124 silly audit   'is-arrayish': [ '0.2.1' ],
124 silly audit   'is-async-function': [ '2.1.1' ],
124 silly audit   'is-bigint': [ '1.1.0' ],
124 silly audit   'is-binary-path': [ '2.1.0' ],
124 silly audit   'is-boolean-object': [ '1.2.2' ],
124 silly audit   'is-callable': [ '1.2.7' ],
124 silly audit   'is-core-module': [ '2.16.1' ],
124 silly audit   'is-data-view': [ '1.0.2' ],
124 silly audit   'is-date-object': [ '1.1.0' ],
124 silly audit   'is-decimal': [ '2.0.1' ],
124 silly audit   'is-docker': [ '2.2.1' ],
124 silly audit   'is-extglob': [ '2.1.1' ],
124 silly audit   'is-finalizationregistry': [ '1.1.1' ],
124 silly audit   'is-fullwidth-code-point': [ '3.0.0' ],
124 silly audit   'is-generator-fn': [ '2.1.0' ],
124 silly audit   'is-generator-function': [ '1.1.0' ],
124 silly audit   'is-glob': [ '4.0.3' ],
124 silly audit   'is-hexadecimal': [ '2.0.1' ],
124 silly audit   'is-map': [ '2.0.3' ],
124 silly audit   'is-module': [ '1.0.0' ],
124 silly audit   'is-negative-zero': [ '2.0.3' ],
124 silly audit   'is-number': [ '7.0.0' ],
124 silly audit   'is-number-object': [ '1.1.1' ],
124 silly audit   'is-obj': [ '1.0.1' ],
124 silly audit   'is-path-inside': [ '3.0.3' ],
124 silly audit   'is-potential-custom-element-name': [ '1.0.1' ],
124 silly audit   'is-regex': [ '1.2.1' ],
124 silly audit   'is-regexp': [ '1.0.0' ],
124 silly audit   'is-root': [ '2.1.0' ],
124 silly audit   'is-set': [ '2.0.3' ],
124 silly audit   'is-shared-array-buffer': [ '1.0.4' ],
124 silly audit   'is-stream': [ '2.0.1' ],
124 silly audit   'is-string': [ '1.1.1' ],
124 silly audit   'is-symbol': [ '1.1.1' ],
124 silly audit   'is-typed-array': [ '1.1.15' ],
124 silly audit   'is-typedarray': [ '1.0.0' ],
124 silly audit   'is-weakmap': [ '2.0.2' ],
124 silly audit   'is-weakref': [ '1.1.1' ],
124 silly audit   'is-weakset': [ '2.0.4' ],
124 silly audit   'is-wsl': [ '2.2.0' ],
124 silly audit   isexe: [ '2.0.0' ],
124 silly audit   'istanbul-lib-coverage': [ '3.2.2' ],
124 silly audit   'istanbul-lib-instrument': [ '5.2.1' ],
124 silly audit   'istanbul-lib-report': [ '3.0.1' ],
124 silly audit   'istanbul-lib-source-maps': [ '4.0.1' ],
124 silly audit   'istanbul-reports': [ '3.1.7' ],
124 silly audit   'iterator.prototype': [ '1.1.5' ],
124 silly audit   jackspeak: [ '3.4.3' ],
124 silly audit   jake: [ '10.9.4' ],
124 silly audit   jest: [ '27.5.1' ],
124 silly audit   'jest-changed-files': [ '27.5.1' ],
124 silly audit   'jest-circus': [ '27.5.1' ],
124 silly audit   'jest-cli': [ '27.5.1' ],
124 silly audit   'jest-config': [ '27.5.1' ],
124 silly audit   '@babel/plugin-syntax-async-generators': [ '7.8.4' ],
124 silly audit   '@babel/plugin-syntax-bigint': [ '7.8.3' ],
124 silly audit   '@babel/plugin-syntax-class-properties': [ '7.12.13' ],
124 silly audit   '@babel/plugin-syntax-class-static-block': [ '7.14.5' ],
124 silly audit   '@babel/plugin-syntax-import-meta': [ '7.10.4' ],
124 silly audit   '@babel/plugin-syntax-json-strings': [ '7.8.3' ],
124 silly audit   '@babel/plugin-syntax-logical-assignment-operators': [ '7.10.4' ],
124 silly audit   '@babel/plugin-syntax-object-rest-spread': [ '7.8.3' ],
124 silly audit   '@babel/plugin-syntax-optional-catch-binding': [ '7.8.3' ],
124 silly audit   '@babel/plugin-syntax-top-level-await': [ '7.14.5' ],
124 silly audit   'babel-jest': [ '27.5.1' ],
124 silly audit   'babel-preset-current-node-syntax': [ '1.2.0' ],
124 silly audit   'babel-preset-jest': [ '27.5.1' ],
124 silly audit   'jest-diff': [ '27.5.1' ],
124 silly audit   'jest-docblock': [ '27.5.1' ],
124 silly audit   'jest-each': [ '27.5.1' ],
124 silly audit   'jest-environment-jsdom': [ '27.5.1' ],
124 silly audit   'jest-environment-node': [ '27.5.1' ],
124 silly audit   'jest-get-type': [ '27.5.1' ],
124 silly audit   'jest-haste-map': [ '27.5.1' ],
124 silly audit   'jest-jasmine2': [ '27.5.1' ],
124 silly audit   'jest-leak-detector': [ '27.5.1' ],
124 silly audit   'jest-matcher-utils': [ '27.5.1' ],
124 silly audit   'jest-message-util': [ '27.5.1', '28.1.3' ],
124 silly audit   'jest-mock': [ '27.5.1' ],
124 silly audit   'jest-pnp-resolver': [ '1.2.3' ],
124 silly audit   'jest-regex-util': [ '27.5.1', '28.0.2' ],
124 silly audit   'jest-resolve': [ '27.5.1' ],
124 silly audit   'jest-resolve-dependencies': [ '27.5.1' ],
124 silly audit   'jest-runner': [ '27.5.1' ],
124 silly audit   'jest-runtime': [ '27.5.1' ],
124 silly audit   'jest-serializer': [ '27.5.1' ],
124 silly audit   'jest-snapshot': [ '27.5.1' ],
124 silly audit   'jest-util': [ '27.5.1', '28.1.3' ],
124 silly audit   'jest-validate': [ '27.5.1' ],
124 silly audit   'jest-watch-typeahead': [ '1.1.0' ],
124 silly audit   slash: [ '3.0.0', '4.0.0' ],
124 silly audit   'jest-watcher': [ '28.1.3', '27.5.1' ],
124 silly audit   'string-length': [ '4.0.2', '5.0.1' ],
124 silly audit   'pretty-format': [ '28.1.3', '27.5.1' ],
124 silly audit   'react-is': [ '18.3.1', '16.13.1', '17.0.2' ],
124 silly audit   'jest-worker': [ '27.5.1', '28.1.3', '26.6.2' ],
124 silly audit   jiti: [ '1.21.7' ],
124 silly audit   'js-tokens': [ '4.0.0' ],
124 silly audit   jsdom: [ '16.7.0' ],
124 silly audit   jsesc: [ '3.1.0', '3.0.2' ],
124 silly audit   'json-buffer': [ '3.0.1' ],
124 silly audit   'json-parse-even-better-errors': [ '2.3.1' ],
124 silly audit   'json-schema': [ '0.4.0' ],
124 silly audit   'json-stable-stringify-without-jsonify': [ '1.0.1' ],
124 silly audit   json5: [ '2.2.3', '1.0.2' ],
124 silly audit   jsonfile: [ '6.1.0' ],
124 silly audit   jsonpath: [ '1.1.1' ],
124 silly audit   jsonpointer: [ '5.0.1' ],
124 silly audit   'jsx-ast-utils': [ '3.3.5' ],
124 silly audit   keyv: [ '4.5.4' ],
124 silly audit   'kind-of': [ '6.0.3' ],
124 silly audit   kleur: [ '3.0.3' ],
124 silly audit   klona: [ '2.0.6' ],
124 silly audit   'language-subtag-registry': [ '0.3.23' ],
124 silly audit   'language-tags': [ '1.0.9' ],
124 silly audit   'launch-editor': [ '2.11.1' ],
124 silly audit   leven: [ '3.1.0' ],
124 silly audit   levn: [ '0.4.1', '0.3.0' ],
124 silly audit   lilconfig: [ '2.1.0', '3.1.3' ],
124 silly audit   'lines-and-columns': [ '1.2.4' ],
124 silly audit   'loader-runner': [ '4.3.0' ],
124 silly audit   'loader-utils': [ '2.0.4', '3.3.1' ],
124 silly audit   lodash: [ '4.17.21' ],
124 silly audit   'lodash.debounce': [ '4.0.8' ],
124 silly audit   'lodash.memoize': [ '4.1.2' ],
124 silly audit   'lodash.merge': [ '4.6.2' ],
124 silly audit   'lodash.sortby': [ '4.7.0' ],
124 silly audit   'lodash.throttle': [ '4.1.1' ],
124 silly audit   'lodash.uniq': [ '4.5.0' ],
124 silly audit   'longest-streak': [ '3.1.0' ],
124 silly audit   'loose-envify': [ '1.4.0' ],
124 silly audit   'lower-case': [ '2.0.2' ],
124 silly audit   'lru-cache': [ '5.1.1', '10.4.3' ],
124 silly audit   'lz-string': [ '1.5.0' ],
124 silly audit   'magic-string': [ '0.25.9' ],
124 silly audit   makeerror: [ '1.0.12' ],
124 silly audit   'math-intrinsics': [ '1.1.0' ],
124 silly audit   'mdast-util-from-markdown': [ '2.0.2' ],
124 silly audit   'mdast-util-mdx-expression': [ '2.0.1' ],
124 silly audit   'mdast-util-to-markdown': [ '2.1.2' ],
124 silly audit   'mdast-util-mdx-jsx': [ '3.2.0' ],
124 silly audit   'mdast-util-mdxjs-esm': [ '2.0.1' ],
124 silly audit   'mdast-util-phrasing': [ '4.1.0' ],
124 silly audit   'mdast-util-to-hast': [ '13.2.0' ],
124 silly audit   'mdast-util-to-string': [ '4.0.0' ],
124 silly audit   'media-typer': [ '0.3.0' ],
124 silly audit   memfs: [ '3.5.3' ],
124 silly audit   'merge-descriptors': [ '1.0.3' ],
124 silly audit   'merge-stream': [ '2.0.0' ],
124 silly audit   merge2: [ '1.4.1' ],
124 silly audit   methods: [ '1.1.2' ],
124 silly audit   micromark: [ '4.0.2' ],
124 silly audit   'micromark-core-commonmark': [ '2.0.3' ],
124 silly audit   'micromark-factory-destination': [ '2.0.1' ],
124 silly audit   'micromark-factory-label': [ '2.0.1' ],
124 silly audit   'micromark-factory-space': [ '2.0.1' ],
124 silly audit   'micromark-factory-title': [ '2.0.1' ],
124 silly audit   'micromark-factory-whitespace': [ '2.0.1' ],
124 silly audit   'micromark-util-character': [ '2.1.1' ],
124 silly audit   'micromark-util-chunked': [ '2.0.1' ],
124 silly audit   'micromark-util-classify-character': [ '2.0.1' ],
124 silly audit   'micromark-util-combine-extensions': [ '2.0.1' ],
124 silly audit   'micromark-util-decode-numeric-character-reference': [ '2.0.2' ],
124 silly audit   'micromark-util-decode-string': [ '2.0.1' ],
124 silly audit   'micromark-util-encode': [ '2.0.1' ],
124 silly audit   'micromark-util-html-tag-name': [ '2.0.1' ],
124 silly audit   'micromark-util-normalize-identifier': [ '2.0.1' ],
124 silly audit   'micromark-util-resolve-all': [ '2.0.1' ],
124 silly audit   'micromark-util-sanitize-uri': [ '2.0.1' ],
124 silly audit   'micromark-util-subtokenize': [ '2.1.0' ],
124 silly audit   'micromark-util-symbol': [ '2.0.1' ],
124 silly audit   'micromark-util-types': [ '2.0.2' ],
124 silly audit   micromatch: [ '4.0.8' ],
124 silly audit   mime: [ '1.6.0' ],
124 silly audit   'mime-db': [ '1.52.0' ],
124 silly audit   'mime-types': [ '2.1.35' ],
124 silly audit   'mimic-fn': [ '2.1.0' ],
124 silly audit   'min-indent': [ '1.0.1' ],
124 silly audit   'minimalistic-assert': [ '1.0.1' ],
124 silly audit   minimist: [ '1.2.8' ],
124 silly audit   minipass: [ '7.1.2' ],
124 silly audit   mkdirp: [ '0.5.6' ],
124 silly audit   'multicast-dns': [ '7.2.5' ],
124 silly audit   mz: [ '2.7.0' ],
124 silly audit   nanoid: [ '3.3.11' ],
124 silly audit   'natural-compare': [ '1.4.0' ],
124 silly audit   'natural-compare-lite': [ '1.4.0' ],
124 silly audit   'neo-async': [ '2.6.2' ],
124 silly audit   'no-case': [ '3.0.4' ],
124 silly audit   'node-forge': [ '1.3.1' ],
124 silly audit   'node-int64': [ '0.4.0' ],
124 silly audit   'node-releases': [ '2.0.19' ],
124 silly audit   'normalize-path': [ '3.0.0' ],
124 silly audit   'normalize-range': [ '0.1.2' ],
124 silly audit   'normalize-url': [ '6.1.0' ],
124 silly audit   'npm-run-path': [ '4.0.1' ],
124 silly audit   'nth-check': [ '1.0.2', '2.1.1' ],
124 silly audit   nwsapi: [ '2.2.21' ],
124 silly audit   'object-assign': [ '4.1.1' ],
124 silly audit   'object-hash': [ '3.0.0' ],
124 silly audit   'object-inspect': [ '1.13.4' ],
124 silly audit   'object-keys': [ '1.1.1' ],
124 silly audit   'object.assign': [ '4.1.7' ],
124 silly audit   'object.entries': [ '1.1.9' ],
124 silly audit   'object.fromentries': [ '2.0.8' ],
124 silly audit   'object.getownpropertydescriptors': [ '2.1.8' ],
124 silly audit   'object.groupby': [ '1.0.3' ],
124 silly audit   'object.values': [ '1.2.1' ],
124 silly audit   obuf: [ '1.1.2' ],
124 silly audit   'on-finished': [ '2.4.1' ],
124 silly audit   'on-headers': [ '1.1.0' ],
124 silly audit   once: [ '1.4.0' ],
124 silly audit   onetime: [ '5.1.2' ],
124 silly audit   open: [ '8.4.2' ],
124 silly audit   optionator: [ '0.9.4', '0.8.3' ],
124 silly audit   'own-keys': [ '1.0.1' ],
124 silly audit   'p-retry': [ '4.6.2' ],
124 silly audit   'p-try': [ '2.2.0' ],
124 silly audit   'package-json-from-dist': [ '1.0.1' ],
124 silly audit   'param-case': [ '3.0.4' ],
124 silly audit   'parent-module': [ '1.0.1' ],
124 silly audit   'parse-entities': [ '4.0.2' ],
124 silly audit   'parse-json': [ '5.2.0' ],
124 silly audit   parse5: [ '6.0.1' ],
124 silly audit   parseurl: [ '1.3.3' ],
124 silly audit   'pascal-case': [ '3.1.2' ],
124 silly audit   'path-exists': [ '4.0.0', '3.0.0' ],
124 silly audit   'path-is-absolute': [ '1.0.1' ],
124 silly audit   'path-key': [ '3.1.1' ],
124 silly audit   'path-parse': [ '1.0.7' ],
124 silly audit   'path-scurry': [ '1.11.1' ],
124 silly audit   'path-to-regexp': [ '0.1.12' ],
124 silly audit   'path-type': [ '4.0.0' ],
124 silly audit   'performance-now': [ '2.1.0' ],
124 silly audit   picocolors: [ '1.1.1', '0.2.1' ],
124 silly audit   picomatch: [ '2.3.1' ],
124 silly audit   pify: [ '2.3.0' ],
124 silly audit   pirates: [ '4.0.7' ],
124 silly audit   'pkg-dir': [ '4.2.0' ],
124 silly audit   'pkg-up': [ '3.1.0' ],
124 silly audit   'possible-typed-array-names': [ '1.1.0' ],
124 silly audit   postcss: [ '8.5.6', '7.0.39' ],
124 silly audit   'postcss-attribute-case-insensitive': [ '5.0.2' ],
124 silly audit   'postcss-browser-comments': [ '4.0.0' ],
124 silly audit   'postcss-calc': [ '8.2.4' ],
124 silly audit   'postcss-clamp': [ '4.1.0' ],
124 silly audit   'postcss-color-functional-notation': [ '4.2.4' ],
124 silly audit   'postcss-color-hex-alpha': [ '8.0.4' ],
124 silly audit   'postcss-color-rebeccapurple': [ '7.1.1' ],
124 silly audit   'postcss-colormin': [ '5.3.1' ],
124 silly audit   'postcss-convert-values': [ '5.1.3' ],
124 silly audit   'postcss-custom-media': [ '8.0.2' ],
124 silly audit   'postcss-custom-properties': [ '12.1.11' ],
124 silly audit   'postcss-custom-selectors': [ '6.0.3' ],
124 silly audit   'postcss-dir-pseudo-class': [ '6.0.5' ],
124 silly audit   'postcss-discard-comments': [ '5.1.2' ],
124 silly audit   'postcss-discard-duplicates': [ '5.1.0' ],
124 silly audit   'postcss-discard-empty': [ '5.1.1' ],
124 silly audit   'postcss-discard-overridden': [ '5.1.0' ],
124 silly audit   'postcss-double-position-gradients': [ '3.1.2' ],
124 silly audit   'postcss-env-function': [ '4.0.6' ],
124 silly audit   'postcss-flexbugs-fixes': [ '5.0.2' ],
124 silly audit   'postcss-focus-visible': [ '6.0.4' ],
124 silly audit   'postcss-focus-within': [ '5.0.4' ],
124 silly audit   'postcss-font-variant': [ '5.0.0' ],
124 silly audit   'postcss-gap-properties': [ '3.0.5' ],
124 silly audit   'postcss-image-set-function': [ '4.0.7' ],
124 silly audit   'postcss-import': [ '15.1.0' ],
124 silly audit   'postcss-initial': [ '4.0.1' ],
124 silly audit   'postcss-js': [ '4.0.1' ],
124 silly audit   'postcss-lab-function': [ '4.2.1' ],
124 silly audit   'postcss-load-config': [ '4.0.2' ],
124 silly audit   yaml: [ '2.8.1', '1.10.2' ],
124 silly audit   'postcss-logical': [ '5.0.4' ],
124 silly audit   'postcss-media-minmax': [ '5.0.0' ],
124 silly audit   'postcss-merge-longhand': [ '5.1.7' ],
124 silly audit   'postcss-merge-rules': [ '5.1.4' ],
124 silly audit   'postcss-minify-font-values': [ '5.1.0' ],
124 silly audit   'postcss-minify-gradients': [ '5.1.1' ],
124 silly audit   'postcss-minify-params': [ '5.1.4' ],
124 silly audit   'postcss-minify-selectors': [ '5.2.1' ],
124 silly audit   'postcss-modules-extract-imports': [ '3.1.0' ],
124 silly audit   'postcss-modules-local-by-default': [ '4.2.0' ],
124 silly audit   'postcss-selector-parser': [ '7.1.0', '6.1.2' ],
124 silly audit   'postcss-modules-scope': [ '3.2.1' ],
124 silly audit   'postcss-modules-values': [ '4.0.0' ],
124 silly audit   'postcss-nested': [ '6.2.0' ],
124 silly audit   'postcss-nesting': [ '10.2.0' ],
124 silly audit   'postcss-normalize': [ '10.0.1' ],
124 silly audit   'postcss-normalize-charset': [ '5.1.0' ],
124 silly audit   'postcss-normalize-display-values': [ '5.1.0' ],
124 silly audit   'postcss-normalize-positions': [ '5.1.1' ],
124 silly audit   'postcss-normalize-repeat-style': [ '5.1.1' ],
124 silly audit   'postcss-normalize-string': [ '5.1.0' ],
124 silly audit   'postcss-normalize-timing-functions': [ '5.1.0' ],
124 silly audit   'postcss-normalize-unicode': [ '5.1.1' ],
124 silly audit   'postcss-normalize-url': [ '5.1.0' ],
124 silly audit   'postcss-normalize-whitespace': [ '5.1.1' ],
124 silly audit   'postcss-opacity-percentage': [ '1.1.3' ],
124 silly audit   'postcss-ordered-values': [ '5.1.3' ],
124 silly audit   'postcss-overflow-shorthand': [ '3.0.4' ],
124 silly audit   'postcss-page-break': [ '3.0.4' ],
124 silly audit   'postcss-place': [ '7.0.5' ],
124 silly audit   'postcss-preset-env': [ '7.8.3' ],
124 silly audit   'postcss-pseudo-class-any-link': [ '7.1.6' ],
124 silly audit   'postcss-reduce-initial': [ '5.1.2' ],
124 silly audit   'postcss-reduce-transforms': [ '5.1.0' ],
124 silly audit   'postcss-replace-overflow-wrap': [ '4.0.0' ],
124 silly audit   'postcss-selector-not': [ '6.0.1' ],
124 silly audit   'postcss-svgo': [ '5.1.0' ],
124 silly audit   svgo: [ '2.8.0', '1.3.2' ],
124 silly audit   'postcss-unique-selectors': [ '5.1.1' ],
124 silly audit   'postcss-value-parser': [ '4.2.0' ],
124 silly audit   'prelude-ls': [ '1.2.1', '1.1.2' ],
124 silly audit   'pretty-bytes': [ '5.6.0' ],
124 silly audit   'pretty-error': [ '4.0.0' ],
124 silly audit   'process-nextick-args': [ '2.0.1' ],
124 silly audit   promise: [ '8.3.0' ],
124 silly audit   prompts: [ '2.4.2' ],
124 silly audit   'prop-types': [ '15.8.1' ],
124 silly audit   'property-information': [ '7.1.0' ],
124 silly audit   'proxy-addr': [ '2.0.7' ],
124 silly audit   'proxy-from-env': [ '1.1.0' ],
124 silly audit   psl: [ '1.15.0' ],
124 silly audit   punycode: [ '2.3.1' ],
124 silly audit   q: [ '1.5.1' ],
124 silly audit   qs: [ '6.13.0' ],
124 silly audit   querystringify: [ '2.2.0' ],
124 silly audit   'queue-microtask': [ '1.2.3' ],
124 silly audit   raf: [ '3.4.1' ],
124 silly audit   randombytes: [ '2.1.0' ],
124 silly audit   'range-parser': [ '1.2.1' ],
124 silly audit   'raw-body': [ '2.5.2' ],
124 silly audit   react: [ '18.3.1' ],
124 silly audit   'react-app-polyfill': [ '3.0.0' ],
124 silly audit   'react-chartjs-2': [ '5.3.0' ],
124 silly audit   'react-dev-utils': [ '12.0.1' ],
124 silly audit   'fork-ts-checker-webpack-plugin': [ '6.5.3' ],
124 silly audit   'terser-webpack-plugin': [ '5.3.14' ],
124 silly audit   'schema-utils': [ '4.3.2', '3.3.0', '2.7.0' ],
124 silly audit   webpack: [ '5.101.0' ],
124 silly audit   'react-dom': [ '18.3.1' ],
124 silly audit   'react-dropzone': [ '14.3.8' ],
124 silly audit   'react-error-overlay': [ '6.1.0' ],
124 silly audit   'react-hook-form': [ '7.62.0' ],
124 silly audit   'react-hot-toast': [ '2.5.2' ],
124 silly audit   'react-icons': [ '5.5.0' ],
124 silly audit   'react-list': [ '0.8.18' ],
124 silly audit   'react-markdown': [ '10.1.0' ],
124 silly audit   'react-otp-input': [ '3.1.1' ],
124 silly audit   'react-rating-stars-component': [ '2.2.0' ],
124 silly audit   'react-redux': [ '9.2.0' ],
124 silly audit   'react-refresh': [ '0.11.0' ],
124 silly audit   'react-router-dom': [ '6.30.1' ],
124 silly audit   '@remix-run/router': [ '1.23.0' ],
124 silly audit   'react-router': [ '6.30.1' ],
124 silly audit   'react-scripts': [ '5.0.1' ],
124 silly audit   '@pmmmwh/react-refresh-webpack-plugin': [ '0.5.17' ],
124 silly audit   'source-map': [ '0.7.6', '0.6.1', '0.8.0-beta.0' ],
124 silly audit   'babel-loader': [ '8.4.1' ],
124 silly audit   'babel-plugin-named-asset-import': [ '0.3.8' ],
124 silly audit   'css-loader': [ '6.11.0' ],
124 silly audit   'css-minimizer-webpack-plugin': [ '3.4.1' ],
124 silly audit   'eslint-webpack-plugin': [ '3.2.0' ],
124 silly audit   'file-loader': [ '6.2.0' ],
124 silly audit   'html-webpack-plugin': [ '5.6.3' ],
124 silly audit   'mini-css-extract-plugin': [ '2.9.4' ],
124 silly audit   'postcss-loader': [ '6.2.1' ],
124 silly audit   'sass-loader': [ '12.6.0' ],
124 silly audit   'source-map-loader': [ '3.0.2' ],
124 silly audit   'style-loader': [ '3.3.4' ],
124 silly audit   tailwindcss: [ '3.4.17' ],
124 silly audit   'webpack-dev-middleware': [ '5.3.4' ],
124 silly audit   'webpack-dev-server': [ '4.15.2' ],
124 silly audit   'webpack-manifest-plugin': [ '4.1.1' ],
124 silly audit   'webpack-sources': [ '2.3.1', '1.4.3', '3.3.3' ],
124 silly audit   'workbox-webpack-plugin': [ '6.6.0' ],
124 silly audit   ws: [ '8.18.3', '7.5.10' ],
124 silly audit   'react-super-responsive-table': [ '6.0.2' ],
124 silly audit   'react-type-animation': [ '3.2.0' ],
124 silly audit   'read-cache': [ '1.0.0' ],
124 silly audit   readdirp: [ '3.6.0' ],
124 silly audit   'recursive-readdir': [ '2.2.3' ],
124 silly audit   redent: [ '3.0.0' ],
124 silly audit   redux: [ '5.0.1', '4.2.1' ],
124 silly audit   'redux-thunk': [ '3.1.0' ],
124 silly audit   'reflect.getprototypeof': [ '1.0.10' ],
124 silly audit   regenerate: [ '1.4.2' ],
124 silly audit   'regenerate-unicode-properties': [ '10.2.0' ],
124 silly audit   'regenerator-runtime': [ '0.13.11' ],
124 silly audit   'regex-parser': [ '2.3.1' ],
124 silly audit   'regexp.prototype.flags': [ '1.5.4' ],
124 silly audit   'regexpu-core': [ '6.2.0' ],
124 silly audit   regjsgen: [ '0.8.0' ],
124 silly audit   regjsparser: [ '0.12.0' ],
124 silly audit   relateurl: [ '0.2.7' ],
124 silly audit   'remark-parse': [ '11.0.0' ],
124 silly audit   'remark-rehype': [ '11.1.2' ],
124 silly audit   renderkid: [ '3.0.0' ],
124 silly audit   'require-directory': [ '2.1.1' ],
124 silly audit   'require-from-string': [ '2.0.2' ],
124 silly audit   'requires-port': [ '1.0.0' ],
124 silly audit   reselect: [ '5.1.1' ],
124 silly audit   'resolve-cwd': [ '3.0.0' ],
124 silly audit   'resolve-url-loader': [ '4.0.0' ],
124 silly audit   'resolve.exports': [ '1.1.1' ],
124 silly audit   retry: [ '0.13.1' ],
124 silly audit   reusify: [ '1.1.0' ],
124 silly audit   rimraf: [ '3.0.2' ],
124 silly audit   rollup: [ '2.79.2' ],
124 silly audit   'rollup-plugin-terser': [ '7.0.2' ],
124 silly audit   'serialize-javascript': [ '4.0.0', '6.0.2' ],
124 silly audit   'run-parallel': [ '1.2.0' ],
124 silly audit   'safe-array-concat': [ '1.1.3' ],
124 silly audit   'safe-push-apply': [ '1.0.0' ],
124 silly audit   'safe-regex-test': [ '1.1.0' ],
124 silly audit   'safer-buffer': [ '2.1.2' ],
124 silly audit   'sanitize.css': [ '13.0.0' ],
124 silly audit   sax: [ '1.2.4' ],
124 silly audit   saxes: [ '5.0.1' ],
124 silly audit   scheduler: [ '0.23.2' ],
124 silly audit   'select-hose': [ '2.0.0' ],
124 silly audit   selfsigned: [ '2.4.1' ],
124 silly audit   send: [ '0.19.0' ],
124 silly audit   'serve-index': [ '1.9.1' ],
124 silly audit   setprototypeof: [ '1.1.0', '1.2.0' ],
124 silly audit   statuses: [ '1.5.0', '2.0.1' ],
124 silly audit   'serve-static': [ '1.16.2' ],
124 silly audit   'set-function-length': [ '1.2.2' ],
124 silly audit   'set-function-name': [ '2.0.2' ],
124 silly audit   'set-proto': [ '1.0.0' ],
124 silly audit   'shebang-command': [ '2.0.0' ],
124 silly audit   'shebang-regex': [ '3.0.0' ],
124 silly audit   'shell-quote': [ '1.8.3' ],
124 silly audit   showdown: [ '2.1.0' ],
124 silly audit   'side-channel': [ '1.1.0' ],
124 silly audit   'side-channel-list': [ '1.0.0' ],
124 silly audit   'side-channel-map': [ '1.0.1' ],
124 silly audit   'side-channel-weakmap': [ '1.0.2' ],
124 silly audit   sisteransi: [ '1.0.5' ],
124 silly audit   sockjs: [ '0.3.24' ],
124 silly audit   'source-list-map': [ '2.0.1' ],
124 silly audit   'source-map-js': [ '1.2.1' ],
124 silly audit   'source-map-support': [ '0.5.21' ],
124 silly audit   'sourcemap-codec': [ '1.4.8' ],
124 silly audit   'space-separated-tokens': [ '2.0.2' ],
124 silly audit   spdy: [ '4.0.2' ],
124 silly audit   'spdy-transport': [ '3.0.0' ],
124 silly audit   'sprintf-js': [ '1.0.3' ],
124 silly audit   'ssr-window': [ '4.0.2' ],
124 silly audit   stable: [ '0.1.8' ],
124 silly audit   'stack-utils': [ '2.0.6' ],
124 silly audit   stackframe: [ '1.3.4' ],
124 silly audit   'static-eval': [ '2.0.2' ],
124 silly audit   'type-check': [ '0.3.2', '0.4.0' ],
124 silly audit   'stop-iteration-iterator': [ '1.1.0' ],
124 silly audit   'string-natural-compare': [ '3.0.1' ],
124 silly audit   'string.prototype.includes': [ '2.0.1' ],
124 silly audit   'string.prototype.matchall': [ '4.0.12' ],
124 silly audit   'string.prototype.repeat': [ '1.0.0' ],
124 silly audit   'string.prototype.trim': [ '1.2.10' ],
124 silly audit   'string.prototype.trimend': [ '1.0.9' ],
124 silly audit   'string.prototype.trimstart': [ '1.0.8' ],
124 silly audit   'stringify-entities': [ '4.0.4' ],
124 silly audit   'stringify-object': [ '3.3.0' ],
124 silly audit   'strip-bom': [ '4.0.0', '3.0.0' ],
124 silly audit   'strip-comments': [ '2.0.1' ],
124 silly audit   'strip-final-newline': [ '2.0.0' ],
124 silly audit   'strip-indent': [ '3.0.0' ],
124 silly audit   'strip-json-comments': [ '3.1.1' ],
124 silly audit   'style-to-js': [ '1.1.17' ],
124 silly audit   'style-to-object': [ '1.0.9' ],
124 silly audit   stylehacks: [ '5.1.1' ],
124 silly audit   sucrase: [ '3.35.0' ],
124 silly audit   'supports-hyperlinks': [ '2.3.0' ],
124 silly audit   'supports-preserve-symlinks-flag': [ '1.0.0' ],
124 silly audit   'svg-parser': [ '2.0.4' ],
124 silly audit   swiper: [ '8.4.7' ],
124 silly audit   'symbol-tree': [ '3.2.4' ],
124 silly audit   'temp-dir': [ '2.0.0' ],
124 silly audit   tempy: [ '0.6.0' ],
124 silly audit   'terminal-link': [ '2.1.1' ],
124 silly audit   terser: [ '5.43.1' ],
124 silly audit   'test-exclude': [ '6.0.0' ],
124 silly audit   'text-table': [ '0.2.0' ],
124 silly audit   thenify: [ '3.3.1' ],
124 silly audit   'thenify-all': [ '1.6.0' ],
124 silly audit   throat: [ '6.0.2' ],
124 silly audit   thunky: [ '1.1.0' ],
124 silly audit   tmpl: [ '1.0.5' ],
124 silly audit   'to-regex-range': [ '5.0.1' ],
124 silly audit   'toggle-selection': [ '1.0.6' ],
124 silly audit   toidentifier: [ '1.0.1' ],
124 silly audit   'tough-cookie': [ '4.1.4' ],
124 silly audit   universalify: [ '0.2.0', '2.0.1' ],
124 silly audit   tr46: [ '2.1.0', '1.0.1', '5.1.1' ],
124 silly audit   'trim-lines': [ '3.0.1' ],
124 silly audit   trough: [ '2.2.0' ],
124 silly audit   tryer: [ '1.0.1' ],
124 silly audit   'ts-interface-checker': [ '0.1.13' ],
124 silly audit   'tsconfig-paths': [ '3.15.0' ],
124 silly audit   tslib: [ '2.8.1', '1.14.1' ],
124 silly audit   tsutils: [ '3.21.0' ],
124 silly audit   'type-detect': [ '4.0.8' ],
124 silly audit   'type-is': [ '1.6.18' ],
124 silly audit   'typed-array-buffer': [ '1.0.3' ],
124 silly audit   'typed-array-byte-length': [ '1.0.3' ],
124 silly audit   'typed-array-byte-offset': [ '1.0.4' ],
124 silly audit   'typed-array-length': [ '1.0.7' ],
124 silly audit   'typedarray-to-buffer': [ '3.1.5' ],
124 silly audit   typescript: [ '4.9.5' ],
124 silly audit   'unbox-primitive': [ '1.1.0' ],
124 silly audit   underscore: [ '1.12.1' ],
124 silly audit   'unicode-canonical-property-names-ecmascript': [ '2.0.1' ],
124 silly audit   'unicode-match-property-ecmascript': [ '2.0.0' ],
124 silly audit   'unicode-match-property-value-ecmascript': [ '2.2.0' ],
124 silly audit   'unicode-property-aliases-ecmascript': [ '2.1.0' ],
124 silly audit   unified: [ '11.0.5' ],
124 silly audit   'unique-string': [ '2.0.0' ],
124 silly audit   'unist-util-is': [ '6.0.0' ],
124 silly audit   'unist-util-position': [ '5.0.0' ],
124 silly audit   'unist-util-stringify-position': [ '4.0.0' ],
124 silly audit   'unist-util-visit': [ '5.0.0' ],
124 silly audit   'unist-util-visit-parents': [ '6.0.1' ],
124 silly audit   unpipe: [ '1.0.0' ],
124 silly audit   unquote: [ '1.1.1' ],
124 silly audit   upath: [ '1.2.0' ],
124 silly audit   'update-browserslist-db': [ '1.1.3' ],
124 silly audit   'uri-js': [ '4.4.1' ],
124 silly audit   'url-parse': [ '1.5.10' ],
124 silly audit   'use-sync-external-store': [ '1.5.0' ],
124 silly audit   'util-deprecate': [ '1.0.2' ],
124 silly audit   'util.promisify': [ '1.0.1' ],
124 silly audit   utila: [ '0.4.0' ],
124 silly audit   'utils-merge': [ '1.0.1' ],
124 silly audit   uuid: [ '8.3.2' ],
124 silly audit   'v8-to-istanbul': [ '8.1.1' ],
124 silly audit   vary: [ '1.1.2' ],
124 silly audit   vfile: [ '6.0.3' ],
124 silly audit   'vfile-message': [ '4.0.3' ],
124 silly audit   'video-react': [ '0.16.0' ],
124 silly audit   'w3c-hr-time': [ '1.0.2' ],
124 silly audit   'w3c-xmlserializer': [ '2.0.0' ],
124 silly audit   walker: [ '1.0.8' ],
124 silly audit   watchpack: [ '2.4.4' ],
124 silly audit   wbuf: [ '1.7.3' ],
124 silly audit   'web-vitals': [ '2.1.4' ],
124 silly audit   'websocket-driver': [ '0.7.4' ],
124 silly audit   'websocket-extensions': [ '0.1.4' ],
124 silly audit   'whatwg-encoding': [ '1.0.5' ],
124 silly audit   'whatwg-fetch': [ '3.6.20' ],
124 silly audit   'whatwg-mimetype': [ '2.3.0' ],
124 silly audit   'whatwg-url': [ '8.7.0', '7.1.0', '14.2.0' ],
124 silly audit   'which-boxed-primitive': [ '1.1.1' ],
124 silly audit   'which-builtin-type': [ '1.2.1' ],
124 silly audit   'which-collection': [ '1.0.2' ],
124 silly audit   'which-typed-array': [ '1.1.19' ],
124 silly audit   'word-wrap': [ '1.2.5' ],
124 silly audit   'workbox-background-sync': [ '6.6.0' ],
124 silly audit   'workbox-broadcast-update': [ '6.6.0' ],
124 silly audit   'workbox-build': [ '6.6.0' ],
124 silly audit   '@apideck/better-ajv-errors': [ '0.3.6' ],
124 silly audit   '@rollup/plugin-babel': [ '5.3.1' ],
124 silly audit   'workbox-cacheable-response': [ '6.6.0' ],
124 silly audit   'workbox-core': [ '6.6.0' ],
124 silly audit   'workbox-expiration': [ '6.6.0' ],
124 silly audit   'workbox-google-analytics': [ '6.6.0' ],
124 silly audit   'workbox-navigation-preload': [ '6.6.0' ],
124 silly audit   'workbox-precaching': [ '6.6.0' ],
124 silly audit   'workbox-range-requests': [ '6.6.0' ],
124 silly audit   'workbox-recipes': [ '6.6.0' ],
124 silly audit   'workbox-routing': [ '6.6.0' ],
124 silly audit   'workbox-strategies': [ '6.6.0' ],
124 silly audit   'workbox-streams': [ '6.6.0' ],
124 silly audit   'workbox-sw': [ '6.6.0' ],
124 silly audit   'workbox-window': [ '6.6.0' ],
124 silly audit   wrappy: [ '1.0.2' ],
124 silly audit   'write-file-atomic': [ '3.0.3' ],
124 silly audit   'xml-name-validator': [ '3.0.0' ],
124 silly audit   xmlchars: [ '2.2.0' ],
124 silly audit   y18n: [ '5.0.8' ],
124 silly audit   yallist: [ '3.1.1' ],
124 silly audit   yargs: [ '16.2.0' ],
124 silly audit   'yargs-parser': [ '20.2.9' ],
124 silly audit   'yocto-queue': [ '0.1.0' ],
124 silly audit   zwitch: [ '2.0.4' ],
124 silly audit   mongoose: [ '8.18.0' ],
124 silly audit   bson: [ '6.10.4' ],
124 silly audit   kareem: [ '2.6.3' ],
124 silly audit   mongodb: [ '6.18.0' ],
124 silly audit   mpath: [ '0.9.0' ],
124 silly audit   mquery: [ '5.0.0' ],
124 silly audit   sift: [ '17.1.3' ],
124 silly audit   '@mongodb-js/saslprep': [ '1.3.0' ],
124 silly audit   'mongodb-connection-string-url': [ '3.0.2' ],
124 silly audit   'sparse-bitfield': [ '3.0.3' ],
124 silly audit   '@types/whatwg-url': [ '11.0.5' ],
124 silly audit   '@types/webidl-conversions': [ '7.0.3' ],
124 silly audit   'memory-pager': [ '1.5.0' ]
124 silly audit }
125 verbose reify failed optional dependency C:\Users\Deepak Kumar Bind\OneDrive\Desktop\studyhub\node_modules\fsevents
126 silly reify mark deleted [
126 silly reify   'C:\\Users\\Deepak Kumar Bind\\OneDrive\\Desktop\\studyhub\\node_modules\\fsevents'
126 silly reify ]
127 silly tarball no local data for sparse-bitfield@https://registry.npmmirror.com/sparse-bitfield/-/sparse-bitfield-3.0.3.tgz. Extracting by manifest.
128 silly tarball no local data for @types/webidl-conversions@https://registry.npmmirror.com/@types/webidl-conversions/-/webidl-conversions-7.0.3.tgz. Extracting by manifest.
129 silly tarball no local data for memory-pager@https://registry.npmmirror.com/memory-pager/-/memory-pager-1.5.0.tgz. Extracting by manifest.
130 silly tarball no local data for @types/whatwg-url@https://registry.npmmirror.com/@types/whatwg-url/-/whatwg-url-11.0.5.tgz. Extracting by manifest.
131 silly tarball no local data for @mongodb-js/saslprep@https://registry.npmmirror.com/@mongodb-js/saslprep/-/saslprep-1.3.0.tgz. Extracting by manifest.
132 silly tarball no local data for sift@https://registry.npmmirror.com/sift/-/sift-17.1.3.tgz. Extracting by manifest.
133 silly tarball no local data for mongodb-connection-string-url@https://registry.npmmirror.com/mongodb-connection-string-url/-/mongodb-connection-string-url-3.0.2.tgz. Extracting by manifest.
134 silly tarball no local data for mquery@https://registry.npmmirror.com/mquery/-/mquery-5.0.0.tgz. Extracting by manifest.
135 silly tarball no local data for mpath@https://registry.npmmirror.com/mpath/-/mpath-0.9.0.tgz. Extracting by manifest.
136 silly tarball no local data for mongodb@https://registry.npmmirror.com/mongodb/-/mongodb-6.18.0.tgz. Extracting by manifest.
137 silly tarball no local data for bson@https://registry.npmmirror.com/bson/-/bson-6.10.4.tgz. Extracting by manifest.
138 silly tarball no local data for mongoose@https://registry.npmmirror.com/mongoose/-/mongoose-8.18.0.tgz. Extracting by manifest.
139 silly tarball no local data for kareem@https://registry.npmmirror.com/kareem/-/kareem-2.6.3.tgz. Extracting by manifest.
140 silly tarball no local data for webidl-conversions@https://registry.npmmirror.com/webidl-conversions/-/webidl-conversions-7.0.0.tgz. Extracting by manifest.
141 silly tarball no local data for tr46@https://registry.npmmirror.com/tr46/-/tr46-5.1.1.tgz. Extracting by manifest.
142 silly tarball no local data for whatwg-url@https://registry.npmmirror.com/whatwg-url/-/whatwg-url-14.2.0.tgz. Extracting by manifest.
143 http fetch POST 404 https://registry.npmmirror.com/-/npm/v1/security/advisories/bulk 207ms
144 silly audit bulk request failed [object Object]
145 http fetch POST 404 https://registry.npmmirror.com/-/npm/v1/security/audits/quick 253ms
146 verbose audit error HttpErrorGeneral: 404 Not Found - POST https://registry.npmmirror.com/-/npm/v1/security/audits/quick - [NOT_IMPLEMENTED] /-/npm/v1/security/* not implemented yet
146 verbose audit error     at C:\Users\Deepak Kumar Bind\AppData\Roaming\npm\node_modules\npm\node_modules\npm-registry-fetch\lib\check-response.js:95:15
146 verbose audit error     at process.processTicksAndRejections (node:internal/process/task_queues:95:5)
146 verbose audit error     at async [getReport] (C:\Users\Deepak Kumar Bind\AppData\Roaming\npm\node_modules\npm\node_modules\@npmcli\arborist\lib\audit-report.js:336:21)
146 verbose audit error     at async AuditReport.run (C:\Users\Deepak Kumar Bind\AppData\Roaming\npm\node_modules\npm\node_modules\@npmcli\arborist\lib\audit-report.js:106:19) {
146 verbose audit error   headers: [Object: null prototype] {
146 verbose audit error     server: [ 'Tengine' ],
146 verbose audit error     date: [ 'Sat, 30 Aug 2025 07:48:43 GMT' ],
146 verbose audit error     'content-type': [ 'application/json' ],
146 verbose audit error     'transfer-encoding': [ 'chunked' ],
146 verbose audit error     connection: [ 'keep-alive' ],
146 verbose audit error     'strict-transport-security': [ 'max-age=5184000' ],
146 verbose audit error     via: [ 'cache12.in9[,404666]' ],
146 verbose audit error     'timing-allow-origin': [ '*' ],
146 verbose audit error     eagleid: [ '81e3cea017565401233741369e' ],
146 verbose audit error     'x-fetch-attempts': [ '1' ]
146 verbose audit error   },
146 verbose audit error   statusCode: 404,
146 verbose audit error   code: 'E404',
146 verbose audit error   method: 'POST',
146 verbose audit error   uri: 'https://registry.npmmirror.com/-/npm/v1/security/audits/quick',
146 verbose audit error   body: {
146 verbose audit error     error: '[NOT_IMPLEMENTED] /-/npm/v1/security/* not implemented yet'
146 verbose audit error   },
146 verbose audit error   pkgid: undefined
146 verbose audit error }
147 silly audit error [object Object]
148 silly audit report null
149 http fetch GET 200 https://cdn.npmmirror.com/packages/%40types/webidl-conversions/7.0.3/webidl-conversions-7.0.3.tgz 3019ms (cache miss)
150 http fetch GET 200 https://cdn.npmmirror.com/packages/memory-pager/1.5.0/memory-pager-1.5.0.tgz 3017ms (cache miss)
151 http fetch GET 200 https://cdn.npmmirror.com/packages/sparse-bitfield/3.0.3/sparse-bitfield-3.0.3.tgz 3023ms (cache miss)
152 http fetch GET 200 https://cdn.npmmirror.com/packages/%40types/whatwg-url/11.0.5/whatwg-url-11.0.5.tgz 3023ms (cache miss)
153 http fetch GET 200 https://cdn.npmmirror.com/packages/webidl-conversions/7.0.0/webidl-conversions-7.0.0.tgz 3179ms (cache miss)
154 http fetch GET 200 https://cdn.npmmirror.com/packages/%40mongodb-js/saslprep/1.3.0/saslprep-1.3.0.tgz 3402ms (cache miss)
155 http fetch GET 200 https://cdn.npmmirror.com/packages/kareem/2.6.3/kareem-2.6.3.tgz 3403ms (cache miss)
156 http fetch GET 200 https://cdn.npmmirror.com/packages/mpath/0.9.0/mpath-0.9.0.tgz 3426ms (cache miss)
157 http fetch GET 200 https://cdn.npmmirror.com/packages/whatwg-url/14.2.0/whatwg-url-14.2.0.tgz 3431ms (cache miss)
158 http fetch GET 200 https://cdn.npmmirror.com/packages/mongodb-connection-string-url/3.0.2/mongodb-connection-string-url-3.0.2.tgz 3523ms (cache miss)
159 http fetch GET 200 https://cdn.npmmirror.com/packages/tr46/5.1.1/tr46-5.1.1.tgz 4037ms (cache miss)
160 http fetch GET 200 https://cdn.npmmirror.com/packages/mquery/5.0.0/mquery-5.0.0.tgz 4120ms (cache miss)
161 http fetch GET 200 https://cdn.npmmirror.com/packages/sift/17.1.3/sift-17.1.3.tgz 4942ms (cache miss)
162 http fetch GET 200 https://cdn.npmmirror.com/packages/mongoose/8.18.0/mongoose-8.18.0.tgz 18321ms (cache miss)
163 http fetch GET 200 https://cdn.npmmirror.com/packages/bson/6.10.4/bson-6.10.4.tgz 21010ms (cache miss)
164 http fetch GET 200 https://cdn.npmmirror.com/packages/mongodb/6.18.0/mongodb-6.18.0.tgz 21473ms (cache miss)
165 silly ADD node_modules/memory-pager
166 silly ADD node_modules/@types/webidl-conversions
167 silly ADD node_modules/@types/whatwg-url
168 silly ADD node_modules/sparse-bitfield
169 silly ADD node_modules/mongodb-connection-string-url
170 silly ADD node_modules/mongodb-connection-string-url/node_modules/webidl-conversions
171 silly ADD node_modules/mongodb-connection-string-url/node_modules/tr46
172 silly ADD node_modules/mongodb-connection-string-url/node_modules/whatwg-url
173 silly ADD node_modules/@mongodb-js/saslprep
174 silly ADD node_modules/sift
175 silly ADD node_modules/mquery
176 silly ADD node_modules/mpath
177 silly ADD node_modules/mongodb
178 silly ADD node_modules/kareem
179 silly ADD node_modules/bson
180 silly ADD node_modules/mongoose
181 silly ADD
182 verbose cwd C:\Users\Deepak Kumar Bind\OneDrive\Desktop\studyhub
183 verbose os Windows_NT 10.0.22631
184 verbose node v18.20.3
185 verbose npm  v10.8.2
186 verbose exit 0
187 info ok
